TN:
SF:app/layout.tsx
FN:16,RootLayout
FNF:1
FNH:0
FNDA:0,RootLayout
DA:2,0
DA:3,0
DA:4,0
DA:5,0
DA:6,0
DA:8,0
DA:10,0
DA:16,0
LF:8
LH:0
BRF:0
BRH:0
end_of_record
TN:
SF:app/page.tsx
FN:19,Dashboard
FN:32,(anonymous_3)
FN:36,(anonymous_4)
FN:48,(anonymous_5)
FN:79,(anonymous_6)
FN:116,(anonymous_7)
FN:172,(anonymous_8)
FN:194,(anonymous_9)
FN:200,(anonymous_10)
FN:229,(anonymous_11)
FN:240,(anonymous_12)
FN:250,(anonymous_13)
FN:269,(anonymous_14)
FN:309,(anonymous_15)
FNF:14
FNH:0
FNDA:0,Dashboard
FNDA:0,(anonymous_3)
FNDA:0,(anonymous_4)
FNDA:0,(anonymous_5)
FNDA:0,(anonymous_6)
FNDA:0,(anonymous_7)
FNDA:0,(anonymous_8)
FNDA:0,(anonymous_9)
FNDA:0,(anonymous_10)
FNDA:0,(anonymous_11)
FNDA:0,(anonymous_12)
FNDA:0,(anonymous_13)
FNDA:0,(anonymous_14)
FNDA:0,(anonymous_15)
DA:3,0
DA:5,0
DA:6,0
DA:7,0
DA:19,0
DA:20,0
DA:21,0
DA:22,0
DA:23,0
DA:24,0
DA:27,0
DA:28,0
DA:29,0
DA:32,0
DA:33,0
DA:36,0
DA:37,0
DA:38,0
DA:39,0
DA:40,0
DA:41,0
DA:44,0
DA:48,0
DA:49,0
DA:50,0
DA:51,0
DA:53,0
DA:60,0
DA:62,0
DA:63,0
DA:68,0
DA:76,0
DA:77,0
DA:78,0
DA:79,0
DA:80,0
DA:81,0
DA:82,0
DA:83,0
DA:86,0
DA:87,0
DA:89,0
DA:90,0
DA:93,0
DA:100,0
DA:101,0
DA:104,0
DA:110,0
DA:112,0
DA:116,0
DA:117,0
DA:118,0
DA:120,0
DA:121,0
DA:123,0
DA:124,0
DA:125,0
DA:126,0
DA:127,0
DA:129,0
DA:134,0
DA:135,0
DA:136,0
DA:140,0
DA:142,0
DA:144,0
DA:145,0
DA:147,0
DA:173,0
DA:194,0
DA:200,0
DA:229,0
DA:240,0
DA:250,0
DA:269,0
DA:309,0
LF:76
LH:0
BRDA:39,0,0,0
BRDA:39,0,1,0
BRDA:41,1,0,0
BRDA:41,1,1,0
BRDA:73,2,0,0
BRDA:73,2,1,0
BRDA:76,3,0,0
BRDA:76,3,1,0
BRDA:100,4,0,0
BRDA:100,4,1,0
BRDA:100,4,2,0
BRDA:100,4,3,0
BRDA:110,5,0,0
BRDA:110,5,1,0
BRDA:118,6,0,0
BRDA:118,6,1,0
BRDA:118,7,0,0
BRDA:118,7,1,0
BRDA:134,8,0,0
BRDA:134,8,1,0
BRDA:136,9,0,0
BRDA:136,9,1,0
BRDA:145,10,0,0
BRDA:145,10,1,0
BRDA:168,11,0,0
BRDA:212,12,0,0
BRDA:217,13,0,0
BRDA:262,14,0,0
BRDA:262,14,1,0
BRDA:265,15,0,0
BRDA:265,15,1,0
BRDA:281,16,0,0
BRDA:286,17,0,0
BRDA:302,18,0,0
BRF:34
BRH:0
end_of_record
TN:
SF:app/api/stripe/create-checkout-session/route.ts
FN:5,getStripe
FN:15,getUserIdFromToken
FN:30,POST
FNF:3
FNH:0
FNDA:0,getStripe
FNDA:0,getUserIdFromToken
FNDA:0,POST
DA:1,0
DA:2,0
DA:3,0
DA:6,0
DA:7,0
DA:9,0
DA:16,0
DA:17,0
DA:18,0
DA:19,0
DA:22,0
DA:23,0
DA:25,0
DA:26,0
DA:30,0
DA:31,0
DA:32,0
DA:33,0
DA:36,0
DA:38,0
DA:39,0
DA:45,0
DA:62,0
DA:64,0
DA:65,0
LF:25
LH:0
BRDA:6,0,0,0
BRDA:6,0,1,0
BRDA:18,1,0,0
BRDA:18,1,1,0
BRDA:18,2,0,0
BRDA:18,2,1,0
BRDA:23,3,0,0
BRDA:23,3,1,0
BRDA:38,4,0,0
BRDA:38,4,1,0
BRDA:49,5,0,0
BRDA:49,5,1,0
BRDA:53,6,0,0
BRDA:53,6,1,0
BRF:14
BRH:0
end_of_record
TN:
SF:app/login/page.tsx
FN:9,Login
FN:18,(anonymous_3)
FN:125,(anonymous_4)
FN:140,(anonymous_5)
FN:154,(anonymous_6)
FN:182,(anonymous_7)
FNF:6
FNH:0
FNDA:0,Login
FNDA:0,(anonymous_3)
FNDA:0,(anonymous_4)
FNDA:0,(anonymous_5)
FNDA:0,(anonymous_6)
FNDA:0,(anonymous_7)
DA:3,0
DA:4,0
DA:5,0
DA:6,0
DA:9,0
DA:10,0
DA:11,0
DA:12,0
DA:13,0
DA:14,0
DA:15,0
DA:16,0
DA:18,0
DA:19,0
DA:20,0
DA:21,0
DA:23,0
DA:24,0
DA:28,0
DA:30,0
DA:32,0
DA:35,0
DA:36,0
DA:38,0
DA:125,0
DA:140,0
DA:154,0
DA:183,0
DA:184,0
LF:29
LH:0
BRDA:24,0,0,0
BRDA:24,0,1,0
BRDA:28,1,0,0
BRDA:28,1,1,0
BRDA:32,2,0,0
BRDA:32,2,1,0
BRDA:97,3,0,0
BRDA:97,3,1,0
BRDA:100,4,0,0
BRDA:100,4,1,0
BRDA:106,5,0,0
BRDA:117,6,0,0
BRDA:166,7,0,0
BRDA:166,7,1,0
BRDA:172,8,0,0
BRDA:172,8,1,0
BRDA:180,9,0,0
BRDA:180,9,1,0
BRDA:188,10,0,0
BRDA:188,10,1,0
BRF:20
BRH:0
end_of_record
TN:
SF:app/review/page.tsx
FN:53,Review
FN:78,(anonymous_3)
FN:104,(anonymous_4)
FN:125,(anonymous_5)
FN:158,(anonymous_6)
FN:193,(anonymous_7)
FN:197,(anonymous_8)
FN:207,(anonymous_9)
FN:216,(anonymous_10)
FN:228,(anonymous_11)
FN:229,(anonymous_12)
FN:251,(anonymous_13)
FN:286,(anonymous_14)
FN:296,(anonymous_15)
FN:314,(anonymous_16)
FN:332,(anonymous_17)
FN:367,(anonymous_18)
FN:380,(anonymous_19)
FN:414,(anonymous_20)
FN:451,(anonymous_21)
FN:472,(anonymous_22)
FN:487,(anonymous_23)
FN:496,(anonymous_24)
FN:499,(anonymous_25)
FN:506,(anonymous_26)
FN:537,(anonymous_27)
FN:548,(anonymous_28)
FN:556,(anonymous_29)
FN:595,(anonymous_30)
FNF:29
FNH:0
FNDA:0,Review
FNDA:0,(anonymous_3)
FNDA:0,(anonymous_4)
FNDA:0,(anonymous_5)
FNDA:0,(anonymous_6)
FNDA:0,(anonymous_7)
FNDA:0,(anonymous_8)
FNDA:0,(anonymous_9)
FNDA:0,(anonymous_10)
FNDA:0,(anonymous_11)
FNDA:0,(anonymous_12)
FNDA:0,(anonymous_13)
FNDA:0,(anonymous_14)
FNDA:0,(anonymous_15)
FNDA:0,(anonymous_16)
FNDA:0,(anonymous_17)
FNDA:0,(anonymous_18)
FNDA:0,(anonymous_19)
FNDA:0,(anonymous_20)
FNDA:0,(anonymous_21)
FNDA:0,(anonymous_22)
FNDA:0,(anonymous_23)
FNDA:0,(anonymous_24)
FNDA:0,(anonymous_25)
FNDA:0,(anonymous_26)
FNDA:0,(anonymous_27)
FNDA:0,(anonymous_28)
FNDA:0,(anonymous_29)
FNDA:0,(anonymous_30)
DA:3,0
DA:4,0
DA:5,0
DA:53,0
DA:54,0
DA:55,0
DA:56,0
DA:57,0
DA:58,0
DA:59,0
DA:62,0
DA:63,0
DA:64,0
DA:65,0
DA:68,0
DA:69,0
DA:70,0
DA:71,0
DA:74,0
DA:75,0
DA:78,0
DA:79,0
DA:80,0
DA:81,0
DA:86,0
DA:90,0
DA:91,0
DA:94,0
DA:95,0
DA:97,0
DA:99,0
DA:104,0
DA:105,0
DA:106,0
DA:110,0
DA:111,0
DA:114,0
DA:115,0
DA:116,0
DA:117,0
DA:118,0
DA:120,0
DA:125,0
DA:126,0
DA:128,0
DA:129,0
DA:130,0
DA:143,0
DA:144,0
DA:147,0
DA:148,0
DA:151,0
DA:153,0
DA:158,0
DA:159,0
DA:161,0
DA:162,0
DA:163,0
DA:176,0
DA:177,0
DA:180,0
DA:182,0
DA:183,0
DA:184,0
DA:185,0
DA:187,0
DA:189,0
DA:193,0
DA:194,0
DA:197,0
DA:198,0
DA:199,0
DA:200,0
DA:201,0
DA:202,0
DA:203,0
DA:207,0
DA:208,0
DA:209,0
DA:210,0
DA:211,0
DA:212,0
DA:216,0
DA:217,0
DA:218,0
DA:219,0
DA:220,0
DA:221,0
DA:223,0
DA:224,0
DA:225,0
DA:228,0
DA:229,0
DA:230,0
DA:251,0
DA:261,0
DA:286,0
DA:296,0
DA:314,0
DA:333,0
DA:368,0
DA:380,0
DA:414,0
DA:452,0
DA:453,0
DA:472,0
DA:487,0
DA:497,0
DA:499,0
DA:506,0
DA:537,0
DA:548,0
DA:556,0
DA:596,0
DA:597,0
LF:115
LH:0
BRDA:83,0,0,0
BRDA:83,0,1,0
BRDA:90,1,0,0
BRDA:90,1,1,0
BRDA:95,2,0,0
BRDA:95,2,1,0
BRDA:97,3,0,0
BRDA:97,3,1,0
BRDA:110,4,0,0
BRDA:110,4,1,0
BRDA:117,5,0,0
BRDA:117,5,1,0
BRDA:118,6,0,0
BRDA:118,6,1,0
BRDA:120,7,0,0
BRDA:120,7,1,0
BRDA:126,8,0,0
BRDA:126,8,1,0
BRDA:139,9,0,0
BRDA:139,9,1,0
BRDA:143,10,0,0
BRDA:143,10,1,0
BRDA:151,11,0,0
BRDA:151,11,1,0
BRDA:159,12,0,0
BRDA:159,12,1,0
BRDA:159,13,0,0
BRDA:159,13,1,0
BRDA:176,14,0,0
BRDA:176,14,1,0
BRDA:187,15,0,0
BRDA:187,15,1,0
BRDA:198,16,0,0
BRDA:198,16,1,0
BRDA:198,16,2,0
BRDA:198,16,3,0
BRDA:198,16,4,0
BRDA:208,17,0,0
BRDA:208,17,1,0
BRDA:208,17,2,0
BRDA:208,17,3,0
BRDA:223,18,0,0
BRDA:223,18,1,0
BRDA:223,19,0,0
BRDA:223,19,1,0
BRDA:224,20,0,0
BRDA:224,20,1,0
BRDA:224,21,0,0
BRDA:224,21,1,0
BRDA:230,22,0,0
BRDA:230,22,1,0
BRDA:239,23,0,0
BRDA:239,23,1,0
BRDA:240,24,0,0
BRDA:240,24,1,0
BRDA:241,25,0,0
BRDA:241,25,1,0
BRDA:261,26,0,0
BRDA:261,26,1,0
BRDA:310,27,0,0
BRDA:324,28,0,0
BRDA:327,29,0,0
BRDA:327,29,1,0
BRDA:351,30,0,0
BRDA:352,31,0,0
BRDA:353,32,0,0
BRDA:357,33,0,0
BRDA:365,34,0,0
BRDA:368,35,0,0
BRDA:368,35,1,0
BRDA:394,36,0,0
BRDA:426,37,0,0
BRDA:434,38,0,0
BRDA:440,39,0,0
BRDA:452,40,0,0
BRDA:452,40,1,0
BRDA:500,41,0,0
BRDA:500,41,1,0
BRDA:519,42,0,0
BRDA:519,42,1,0
BRDA:532,43,0,0
BRDA:567,44,0,0
BRDA:567,44,1,0
BRDA:570,45,0,0
BRDA:570,45,1,0
BRDA:577,46,0,0
BRDA:577,46,1,0
BRDA:591,47,0,0
BRDA:591,47,1,0
BRF:89
BRH:0
end_of_record
TN:
SF:app/settings/page.tsx
FN:9,Settings
FN:43,(anonymous_6)
FN:51,(anonymous_7)
FN:53,(anonymous_8)
FN:56,(anonymous_9)
FN:60,(anonymous_10)
FN:65,(anonymous_11)
FN:70,(anonymous_12)
FN:76,(anonymous_13)
FN:117,(anonymous_14)
FN:139,(anonymous_15)
FN:144,(anonymous_16)
FN:148,(anonymous_17)
FN:168,(anonymous_18)
FN:172,(anonymous_19)
FN:226,(anonymous_20)
FN:275,(anonymous_21)
FN:308,(anonymous_22)
FN:311,(anonymous_23)
FN:338,(anonymous_24)
FN:349,(anonymous_25)
FN:367,(anonymous_26)
FN:380,(anonymous_27)
FN:435,(anonymous_28)
FN:459,(anonymous_29)
FN:482,(anonymous_30)
FN:524,(anonymous_31)
FN:548,(anonymous_32)
FN:611,(anonymous_33)
FN:627,(anonymous_34)
FN:643,(anonymous_35)
FN:659,(anonymous_36)
FN:767,(anonymous_37)
FN:779,(anonymous_38)
FN:792,(anonymous_39)
FN:810,(anonymous_40)
FN:838,(anonymous_41)
FN:844,(anonymous_42)
FN:867,(anonymous_43)
FN:878,(anonymous_44)
FN:892,(anonymous_45)
FN:912,(anonymous_46)
FNF:42
FNH:0
FNDA:0,Settings
FNDA:0,(anonymous_6)
FNDA:0,(anonymous_7)
FNDA:0,(anonymous_8)
FNDA:0,(anonymous_9)
FNDA:0,(anonymous_10)
FNDA:0,(anonymous_11)
FNDA:0,(anonymous_12)
FNDA:0,(anonymous_13)
FNDA:0,(anonymous_14)
FNDA:0,(anonymous_15)
FNDA:0,(anonymous_16)
FNDA:0,(anonymous_17)
FNDA:0,(anonymous_18)
FNDA:0,(anonymous_19)
FNDA:0,(anonymous_20)
FNDA:0,(anonymous_21)
FNDA:0,(anonymous_22)
FNDA:0,(anonymous_23)
FNDA:0,(anonymous_24)
FNDA:0,(anonymous_25)
FNDA:0,(anonymous_26)
FNDA:0,(anonymous_27)
FNDA:0,(anonymous_28)
FNDA:0,(anonymous_29)
FNDA:0,(anonymous_30)
FNDA:0,(anonymous_31)
FNDA:0,(anonymous_32)
FNDA:0,(anonymous_33)
FNDA:0,(anonymous_34)
FNDA:0,(anonymous_35)
FNDA:0,(anonymous_36)
FNDA:0,(anonymous_37)
FNDA:0,(anonymous_38)
FNDA:0,(anonymous_39)
FNDA:0,(anonymous_40)
FNDA:0,(anonymous_41)
FNDA:0,(anonymous_42)
FNDA:0,(anonymous_43)
FNDA:0,(anonymous_44)
FNDA:0,(anonymous_45)
FNDA:0,(anonymous_46)
DA:3,0
DA:4,0
DA:5,0
DA:6,0
DA:7,0
DA:9,0
DA:10,0
DA:11,0
DA:12,0
DA:13,0
DA:14,0
DA:15,0
DA:16,0
DA:17,0
DA:18,0
DA:19,0
DA:20,0
DA:21,0
DA:22,0
DA:23,0
DA:24,0
DA:25,0
DA:28,0
DA:29,0
DA:30,0
DA:31,0
DA:34,0
DA:35,0
DA:36,0
DA:37,0
DA:40,0
DA:43,0
DA:44,0
DA:45,0
DA:46,0
DA:51,0
DA:52,0
DA:53,0
DA:54,0
DA:56,0
DA:60,0
DA:61,0
DA:65,0
DA:66,0
DA:67,0
DA:70,0
DA:72,0
DA:73,0
DA:76,0
DA:77,0
DA:79,0
DA:81,0
DA:82,0
DA:83,0
DA:84,0
DA:87,0
DA:88,0
DA:89,0
DA:90,0
DA:94,0
DA:104,0
DA:105,0
DA:107,0
DA:110,0
DA:111,0
DA:113,0
DA:117,0
DA:118,0
DA:119,0
DA:120,0
DA:124,0
DA:125,0
DA:126,0
DA:127,0
DA:129,0
DA:132,0
DA:133,0
DA:135,0
DA:139,0
DA:141,0
DA:144,0
DA:145,0
DA:148,0
DA:149,0
DA:150,0
DA:151,0
DA:155,0
DA:156,0
DA:157,0
DA:159,0
DA:162,0
DA:163,0
DA:168,0
DA:169,0
DA:172,0
DA:173,0
DA:174,0
DA:175,0
DA:176,0
DA:179,0
DA:180,0
DA:181,0
DA:184,0
DA:185,0
DA:186,0
DA:189,0
DA:190,0
DA:191,0
DA:198,0
DA:200,0
DA:205,0
DA:206,0
DA:207,0
DA:208,0
DA:209,0
DA:210,0
DA:212,0
DA:215,0
DA:216,0
DA:217,0
DA:218,0
DA:219,0
DA:220,0
DA:222,0
DA:226,0
DA:227,0
DA:228,0
DA:229,0
DA:230,0
DA:233,0
DA:234,0
DA:235,0
DA:245,0
DA:246,0
DA:247,0
DA:249,0
DA:254,0
DA:255,0
DA:256,0
DA:257,0
DA:258,0
DA:259,0
DA:261,0
DA:264,0
DA:265,0
DA:266,0
DA:267,0
DA:268,0
DA:269,0
DA:271,0
DA:275,0
DA:276,0
DA:279,0
DA:309,0
DA:311,0
DA:338,0
DA:349,0
DA:367,0
DA:380,0
DA:435,0
DA:459,0
DA:482,0
DA:524,0
DA:548,0
DA:611,0
DA:627,0
DA:643,0
DA:659,0
DA:767,0
DA:779,0
DA:792,0
DA:810,0
DA:838,0
DA:844,0
DA:867,0
DA:878,0
DA:892,0
DA:912,0
LF:178
LH:0
BRDA:44,0,0,0
BRDA:44,0,1,0
BRDA:46,1,0,0
BRDA:46,1,1,0
BRDA:52,2,0,0
BRDA:52,2,1,0
BRDA:81,3,0,0
BRDA:81,3,1,0
BRDA:81,4,0,0
BRDA:81,4,1,0
BRDA:87,5,0,0
BRDA:87,5,1,0
BRDA:87,6,0,0
BRDA:87,6,1,0
BRDA:104,7,0,0
BRDA:104,7,1,0
BRDA:124,8,0,0
BRDA:124,8,1,0
BRDA:149,9,0,0
BRDA:149,9,1,0
BRDA:155,10,0,0
BRDA:155,10,1,0
BRDA:174,11,0,0
BRDA:174,11,1,0
BRDA:174,12,0,0
BRDA:174,12,1,0
BRDA:174,12,2,0
BRDA:179,13,0,0
BRDA:179,13,1,0
BRDA:184,14,0,0
BRDA:184,14,1,0
BRDA:205,15,0,0
BRDA:205,15,1,0
BRDA:205,16,0,0
BRDA:205,16,1,0
BRDA:228,17,0,0
BRDA:228,17,1,0
BRDA:245,18,0,0
BRDA:245,18,1,0
BRDA:254,19,0,0
BRDA:254,19,1,0
BRDA:254,20,0,0
BRDA:254,20,1,0
BRDA:297,21,0,0
BRDA:313,22,0,0
BRDA:313,22,1,0
BRDA:327,23,0,0
BRDA:369,24,0,0
BRDA:369,24,1,0
BRDA:374,25,0,0
BRDA:374,25,1,0
BRDA:382,26,0,0
BRDA:382,26,1,0
BRDA:387,27,0,0
BRDA:387,27,1,0
BRDA:399,28,0,0
BRDA:399,28,1,0
BRDA:407,29,0,0
BRDA:437,30,0,0
BRDA:437,30,1,0
BRDA:442,31,0,0
BRDA:442,31,1,0
BRDA:461,32,0,0
BRDA:461,32,1,0
BRDA:466,33,0,0
BRDA:466,33,1,0
BRDA:484,34,0,0
BRDA:484,34,1,0
BRDA:489,35,0,0
BRDA:489,35,1,0
BRDA:501,36,0,0
BRDA:501,36,1,0
BRDA:509,37,0,0
BRDA:526,38,0,0
BRDA:526,38,1,0
BRDA:531,39,0,0
BRDA:531,39,1,0
BRDA:550,40,0,0
BRDA:550,40,1,0
BRDA:555,41,0,0
BRDA:555,41,1,0
BRDA:678,42,0,0
BRDA:678,42,1,0
BRDA:695,43,0,0
BRDA:702,44,0,0
BRDA:756,45,0,0
BRDA:806,46,0,0
BRDA:806,46,1,0
BRDA:822,47,0,0
BRDA:822,47,1,0
BRDA:856,48,0,0
BRDA:908,49,0,0
BRDA:908,49,1,0
BRF:93
BRH:0
end_of_record
TN:
SF:app/teams/page.tsx
FN:7,Teams
FN:16,(anonymous_6)
FN:96,(anonymous_7)
FN:106,(anonymous_8)
FN:110,(anonymous_9)
FN:114,(anonymous_10)
FN:119,(anonymous_11)
FN:133,(anonymous_12)
FN:160,(anonymous_13)
FN:169,(anonymous_14)
FN:175,(anonymous_15)
FN:216,(anonymous_16)
FN:227,(anonymous_17)
FN:233,(anonymous_18)
FN:276,(anonymous_19)
FN:290,(anonymous_20)
FN:353,(anonymous_21)
FN:396,(anonymous_22)
FN:422,(anonymous_23)
FN:486,(anonymous_24)
FN:550,(anonymous_25)
FNF:21
FNH:0
FNDA:0,Teams
FNDA:0,(anonymous_6)
FNDA:0,(anonymous_7)
FNDA:0,(anonymous_8)
FNDA:0,(anonymous_9)
FNDA:0,(anonymous_10)
FNDA:0,(anonymous_11)
FNDA:0,(anonymous_12)
FNDA:0,(anonymous_13)
FNDA:0,(anonymous_14)
FNDA:0,(anonymous_15)
FNDA:0,(anonymous_16)
FNDA:0,(anonymous_17)
FNDA:0,(anonymous_18)
FNDA:0,(anonymous_19)
FNDA:0,(anonymous_20)
FNDA:0,(anonymous_21)
FNDA:0,(anonymous_22)
FNDA:0,(anonymous_23)
FNDA:0,(anonymous_24)
FNDA:0,(anonymous_25)
DA:3,0
DA:4,0
DA:5,0
DA:7,0
DA:8,0
DA:9,0
DA:10,0
DA:11,0
DA:12,0
DA:13,0
DA:14,0
DA:16,0
DA:17,0
DA:18,0
DA:20,0
DA:21,0
DA:23,0
DA:25,0
DA:26,0
DA:27,0
DA:30,0
DA:41,0
DA:42,0
DA:43,0
DA:46,0
DA:47,0
DA:52,0
DA:53,0
DA:55,0
DA:58,0
DA:62,0
DA:65,0
DA:66,0
DA:67,0
DA:69,0
DA:72,0
DA:73,0
DA:76,0
DA:77,0
DA:80,0
DA:81,0
DA:83,0
DA:84,0
DA:85,0
DA:87,0
DA:88,0
DA:89,0
DA:91,0
DA:92,0
DA:93,0
DA:95,0
DA:96,0
DA:99,0
DA:100,0
DA:102,0
DA:106,0
DA:107,0
DA:110,0
DA:111,0
DA:114,0
DA:115,0
DA:116,0
DA:118,0
DA:119,0
DA:124,0
DA:132,0
DA:133,0
DA:134,0
DA:135,0
DA:138,0
DA:139,0
DA:144,0
DA:145,0
DA:147,0
DA:150,0
DA:153,0
DA:156,0
DA:157,0
DA:158,0
DA:159,0
DA:160,0
DA:163,0
DA:165,0
DA:166,0
DA:167,0
DA:168,0
DA:169,0
DA:171,0
DA:175,0
DA:176,0
DA:177,0
DA:180,0
DA:181,0
DA:182,0
DA:189,0
DA:190,0
DA:191,0
DA:194,0
DA:195,0
DA:200,0
DA:201,0
DA:203,0
DA:206,0
DA:210,0
DA:211,0
DA:212,0
DA:213,0
DA:216,0
DA:217,0
DA:221,0
DA:223,0
DA:224,0
DA:225,0
DA:226,0
DA:227,0
DA:229,0
DA:233,0
DA:234,0
DA:235,0
DA:237,0
DA:238,0
DA:239,0
DA:241,0
DA:251,0
DA:254,0
DA:255,0
DA:260,0
DA:261,0
DA:263,0
DA:266,0
DA:269,0
DA:272,0
DA:273,0
DA:274,0
DA:275,0
DA:276,0
DA:279,0
DA:280,0
DA:284,0
DA:286,0
DA:287,0
DA:288,0
DA:289,0
DA:290,0
DA:292,0
DA:353,0
DA:396,0
DA:422,0
DA:486,0
DA:550,0
LF:150
LH:0
BRDA:18,0,0,0
BRDA:18,0,1,0
BRDA:26,1,0,0
BRDA:26,1,1,0
BRDA:41,2,0,0
BRDA:41,2,1,0
BRDA:52,3,0,0
BRDA:52,3,1,0
BRDA:100,4,0,0
BRDA:100,4,1,0
BRDA:120,5,0,0
BRDA:120,5,1,0
BRDA:132,6,0,0
BRDA:132,6,1,0
BRDA:144,7,0,0
BRDA:144,7,1,0
BRDA:176,8,0,0
BRDA:176,8,1,0
BRDA:200,9,0,0
BRDA:200,9,1,0
BRDA:243,10,0,0
BRDA:243,10,1,0
BRDA:244,11,0,0
BRDA:244,11,1,0
BRDA:245,12,0,0
BRDA:245,12,1,0
BRDA:260,13,0,0
BRDA:260,13,1,0
BRDA:279,14,0,0
BRDA:279,14,1,0
BRDA:379,15,0,0
BRDA:384,16,0,0
BRDA:415,17,0,0
BRDA:415,17,1,0
BRDA:418,18,0,0
BRDA:418,18,1,0
BRDA:434,19,0,0
BRDA:483,20,0,0
BRDA:483,20,1,0
BRDA:498,21,0,0
BRDA:537,22,0,0
BRDA:537,22,1,0
BRDA:547,23,0,0
BRDA:547,23,1,0
BRF:44
BRH:0
end_of_record
TN:
SF:app/workspace/page.tsx
FN:16,Workspace
FN:30,(anonymous_3)
FN:34,(anonymous_4)
FN:36,(anonymous_5)
FN:39,(anonymous_6)
FN:43,(anonymous_7)
FN:47,(anonymous_8)
FN:65,(anonymous_9)
FN:100,(anonymous_10)
FN:106,(anonymous_11)
FN:112,(anonymous_12)
FN:118,(anonymous_13)
FN:124,(anonymous_14)
FN:168,(anonymous_15)
FN:188,(anonymous_16)
FN:188,(anonymous_17)
FN:192,(anonymous_18)
FN:239,(anonymous_19)
FN:282,(anonymous_20)
FN:285,(anonymous_21)
FN:318,(anonymous_22)
FN:384,(anonymous_23)
FN:425,(anonymous_24)
FN:440,(anonymous_25)
FN:501,(anonymous_26)
FNF:25
FNH:0
FNDA:0,Workspace
FNDA:0,(anonymous_3)
FNDA:0,(anonymous_4)
FNDA:0,(anonymous_5)
FNDA:0,(anonymous_6)
FNDA:0,(anonymous_7)
FNDA:0,(anonymous_8)
FNDA:0,(anonymous_9)
FNDA:0,(anonymous_10)
FNDA:0,(anonymous_11)
FNDA:0,(anonymous_12)
FNDA:0,(anonymous_13)
FNDA:0,(anonymous_14)
FNDA:0,(anonymous_15)
FNDA:0,(anonymous_16)
FNDA:0,(anonymous_17)
FNDA:0,(anonymous_18)
FNDA:0,(anonymous_19)
FNDA:0,(anonymous_20)
FNDA:0,(anonymous_21)
FNDA:0,(anonymous_22)
FNDA:0,(anonymous_23)
FNDA:0,(anonymous_24)
FNDA:0,(anonymous_25)
FNDA:0,(anonymous_26)
DA:3,0
DA:4,0
DA:5,0
DA:6,0
DA:16,0
DA:17,0
DA:18,0
DA:19,0
DA:20,0
DA:21,0
DA:22,0
DA:23,0
DA:24,0
DA:25,0
DA:26,0
DA:27,0
DA:28,0
DA:30,0
DA:31,0
DA:34,0
DA:35,0
DA:36,0
DA:37,0
DA:39,0
DA:43,0
DA:44,0
DA:47,0
DA:48,0
DA:49,0
DA:50,0
DA:51,0
DA:52,0
DA:53,0
DA:54,0
DA:55,0
DA:59,0
DA:61,0
DA:65,0
DA:66,0
DA:67,0
DA:69,0
DA:70,0
DA:72,0
DA:73,0
DA:74,0
DA:75,0
DA:76,0
DA:77,0
DA:79,0
DA:84,0
DA:85,0
DA:86,0
DA:90,0
DA:91,0
DA:93,0
DA:94,0
DA:96,0
DA:100,0
DA:101,0
DA:102,0
DA:106,0
DA:107,0
DA:108,0
DA:112,0
DA:113,0
DA:114,0
DA:118,0
DA:119,0
DA:120,0
DA:121,0
DA:124,0
DA:125,0
DA:127,0
DA:128,0
DA:129,0
DA:132,0
DA:133,0
DA:134,0
DA:142,0
DA:143,0
DA:144,0
DA:146,0
DA:151,0
DA:152,0
DA:153,0
DA:154,0
DA:156,0
DA:159,0
DA:160,0
DA:161,0
DA:162,0
DA:164,0
DA:168,0
DA:169,0
DA:170,0
DA:172,0
DA:173,0
DA:174,0
DA:175,0
DA:177,0
DA:187,0
DA:188,0
DA:191,0
DA:192,0
DA:193,0
DA:195,0
DA:200,0
DA:201,0
DA:202,0
DA:204,0
DA:207,0
DA:208,0
DA:209,0
DA:211,0
DA:215,0
DA:225,0
DA:239,0
DA:283,0
DA:285,0
DA:318,0
DA:384,0
DA:425,0
DA:440,0
DA:501,0
LF:124
LH:0
BRDA:35,0,0,0
BRDA:35,0,1,0
BRDA:50,1,0,0
BRDA:50,1,1,0
BRDA:52,2,0,0
BRDA:52,2,1,0
BRDA:54,3,0,0
BRDA:54,3,1,0
BRDA:67,4,0,0
BRDA:67,4,1,0
BRDA:67,5,0,0
BRDA:67,5,1,0
BRDA:67,5,2,0
BRDA:84,6,0,0
BRDA:84,6,1,0
BRDA:86,7,0,0
BRDA:86,7,1,0
BRDA:94,8,0,0
BRDA:94,8,1,0
BRDA:101,9,0,0
BRDA:101,9,1,0
BRDA:107,10,0,0
BRDA:107,10,1,0
BRDA:113,11,0,0
BRDA:113,11,1,0
BRDA:125,12,0,0
BRDA:125,12,1,0
BRDA:125,13,0,0
BRDA:125,13,1,0
BRDA:127,14,0,0
BRDA:127,14,1,0
BRDA:142,15,0,0
BRDA:142,15,1,0
BRDA:151,16,0,0
BRDA:151,16,1,0
BRDA:151,17,0,0
BRDA:151,17,1,0
BRDA:170,18,0,0
BRDA:170,18,1,0
BRDA:188,19,0,0
BRDA:188,19,1,0
BRDA:191,20,0,0
BRDA:191,20,1,0
BRDA:192,21,0,0
BRDA:192,21,1,0
BRDA:200,22,0,0
BRDA:200,22,1,0
BRDA:200,23,0,0
BRDA:200,23,1,0
BRDA:215,24,0,0
BRDA:215,24,1,0
BRDA:225,25,0,0
BRDA:225,25,1,0
BRDA:255,26,0,0
BRDA:266,27,0,0
BRDA:266,27,1,0
BRDA:271,28,0,0
BRDA:287,29,0,0
BRDA:287,29,1,0
BRDA:304,30,0,0
BRDA:356,31,0,0
BRDA:361,32,0,0
BRDA:377,33,0,0
BRDA:396,34,0,0
BRDA:396,34,1,0
BRDA:431,35,0,0
BRDA:431,35,1,0
BRDA:434,36,0,0
BRDA:434,36,1,0
BRDA:452,37,0,0
BRDA:452,37,1,0
BRDA:497,38,0,0
BRDA:497,38,1,0
BRF:73
BRH:0
end_of_record
TN:
SF:backend/deploy-migrations.js
FN:29,(anonymous_0)
FN:56,(anonymous_1)
FNF:2
FNH:0
FNDA:0,(anonymous_0)
FNDA:0,(anonymous_1)
DA:7,0
DA:8,0
DA:9,0
DA:10,0
DA:13,0
DA:27,0
DA:29,0
DA:30,0
DA:31,0
DA:33,0
DA:34,0
DA:37,0
DA:39,0
DA:40,0
DA:43,0
DA:46,0
DA:47,0
DA:50,0
DA:51,0
DA:52,0
DA:56,0
DA:57,0
DA:58,0
DA:61,0
DA:62,0
DA:63,0
DA:66,0
DA:71,0
DA:72,0
DA:73,0
DA:74,0
DA:75,0
DA:79,0
DA:80,0
DA:82,0
DA:83,0
DA:84,0
DA:85,0
DA:86,0
DA:87,0
DA:88,0
DA:89,0
DA:90,0
DA:91,0
DA:92,0
DA:93,0
DA:94,0
DA:95,0
DA:96,0
DA:97,0
DA:98,0
DA:99,0
DA:103,0
DA:105,0
DA:106,0
DA:111,0
DA:112,0
DA:115,0
LF:58
LH:0
BRDA:13,0,0,0
BRDA:13,0,1,0
BRDA:43,1,0,0
BRDA:43,1,1,0
BRDA:43,2,0,0
BRDA:43,2,1,0
BRDA:43,2,2,0
BRDA:43,2,3,0
BRDA:74,3,0,0
BRDA:74,3,1,0
BRDA:82,4,0,0
BRDA:82,4,1,0
BRDA:111,5,0,0
BRDA:111,5,1,0
BRF:14
BRH:0
end_of_record
TN:
SF:backend/emergency-migrate.js
FN:15,runEmergencyMigration
FNF:1
FNH:0
FNDA:0,runEmergencyMigration
DA:7,0
DA:10,0
DA:16,0
DA:17,0
DA:18,0
DA:21,0
DA:22,0
DA:24,0
DA:27,0
DA:132,0
DA:134,0
DA:135,0
DA:136,0
DA:137,0
DA:138,0
DA:139,0
DA:140,0
DA:141,0
DA:142,0
DA:143,0
DA:144,0
DA:145,0
DA:146,0
DA:147,0
DA:150,0
DA:151,0
DA:153,0
DA:154,0
DA:159,0
LF:29
LH:0
BRF:0
BRH:0
end_of_record
TN:
SF:backend/fix-auth-database.js
FN:19,fixAuthDatabase
FN:41,(anonymous_1)
FN:49,(anonymous_2)
FN:70,(anonymous_3)
FN:74,(anonymous_4)
FNF:5
FNH:0
FNDA:0,fixAuthDatabase
FNDA:0,(anonymous_1)
FNDA:0,(anonymous_2)
FNDA:0,(anonymous_3)
FNDA:0,(anonymous_4)
DA:1,0
DA:2,0
DA:5,0
DA:20,0
DA:22,0
DA:24,0
DA:35,0
DA:38,0
DA:44,0
DA:47,0
DA:52,0
DA:55,0
DA:56,0
DA:58,0
DA:61,0
DA:62,0
DA:64,0
DA:69,0
DA:71,0
DA:72,0
DA:75,0
DA:76,0
LF:22
LH:0
BRDA:5,0,0,0
BRDA:5,0,1,0
BRDA:8,1,0,0
BRDA:8,1,1,0
BRDA:11,2,0,0
BRDA:11,2,1,0
BRDA:12,3,0,0
BRDA:12,3,1,0
BRDA:13,4,0,0
BRDA:13,4,1,0
BRDA:14,5,0,0
BRDA:14,5,1,0
BRDA:15,6,0,0
BRDA:15,6,1,0
BRDA:16,7,0,0
BRDA:16,7,1,0
BRF:16
BRH:0
end_of_record
TN:
SF:backend/jest.config.js
FNF:0
FNH:0
DA:2,0
LF:1
LH:0
BRF:0
BRH:0
end_of_record
TN:
SF:backend/jest.setup.js
FN:21,(anonymous_0)
FN:22,(anonymous_1)
FN:37,(anonymous_2)
FN:46,(anonymous_3)
FN:53,(anonymous_4)
FN:54,(anonymous_5)
FN:59,(anonymous_6)
FN:60,(anonymous_7)
FN:63,(anonymous_8)
FN:66,(anonymous_9)
FN:75,(anonymous_10)
FN:87,(anonymous_11)
FN:88,(anonymous_12)
FN:89,(anonymous_13)
FN:89,(anonymous_14)
FN:100,(anonymous_15)
FN:100,(anonymous_16)
FN:127,(anonymous_17)
FN:128,(anonymous_18)
FN:150,(anonymous_19)
FN:151,(anonymous_20)
FN:152,(anonymous_21)
FN:155,(anonymous_22)
FN:159,(anonymous_23)
FN:160,(anonymous_24)
FN:161,(anonymous_25)
FN:167,(anonymous_26)
FN:171,(anonymous_27)
FN:172,(anonymous_28)
FN:204,(anonymous_29)
FN:206,(anonymous_30)
FN:206,(anonymous_31)
FN:207,(anonymous_32)
FN:208,(anonymous_33)
FN:216,(anonymous_34)
FN:216,(anonymous_35)
FN:222,(anonymous_36)
FN:223,(anonymous_37)
FN:228,(anonymous_38)
FN:229,(anonymous_39)
FN:236,(anonymous_40)
FN:249,(anonymous_41)
FN:254,(anonymous_42)
FN:259,(anonymous_43)
FNF:44
FNH:0
FNDA:0,(anonymous_0)
FNDA:0,(anonymous_1)
FNDA:0,(anonymous_2)
FNDA:0,(anonymous_3)
FNDA:0,(anonymous_4)
FNDA:0,(anonymous_5)
FNDA:0,(anonymous_6)
FNDA:0,(anonymous_7)
FNDA:0,(anonymous_8)
FNDA:0,(anonymous_9)
FNDA:0,(anonymous_10)
FNDA:0,(anonymous_11)
FNDA:0,(anonymous_12)
FNDA:0,(anonymous_13)
FNDA:0,(anonymous_14)
FNDA:0,(anonymous_15)
FNDA:0,(anonymous_16)
FNDA:0,(anonymous_17)
FNDA:0,(anonymous_18)
FNDA:0,(anonymous_19)
FNDA:0,(anonymous_20)
FNDA:0,(anonymous_21)
FNDA:0,(anonymous_22)
FNDA:0,(anonymous_23)
FNDA:0,(anonymous_24)
FNDA:0,(anonymous_25)
FNDA:0,(anonymous_26)
FNDA:0,(anonymous_27)
FNDA:0,(anonymous_28)
FNDA:0,(anonymous_29)
FNDA:0,(anonymous_30)
FNDA:0,(anonymous_31)
FNDA:0,(anonymous_32)
FNDA:0,(anonymous_33)
FNDA:0,(anonymous_34)
FNDA:0,(anonymous_35)
FNDA:0,(anonymous_36)
FNDA:0,(anonymous_37)
FNDA:0,(anonymous_38)
FNDA:0,(anonymous_39)
FNDA:0,(anonymous_40)
FNDA:0,(anonymous_41)
FNDA:0,(anonymous_42)
FNDA:0,(anonymous_43)
DA:3,0
DA:4,0
DA:7,0
DA:8,0
DA:11,0
DA:21,0
DA:22,0
DA:37,0
DA:38,0
DA:45,0
DA:46,0
DA:52,0
DA:53,0
DA:54,0
DA:59,0
DA:60,0
DA:63,0
DA:66,0
DA:75,0
DA:87,0
DA:88,0
DA:89,0
DA:90,0
DA:98,0
DA:100,0
DA:101,0
DA:119,0
DA:122,0
DA:123,0
DA:127,0
DA:128,0
DA:150,0
DA:151,0
DA:153,0
DA:155,0
DA:159,0
DA:160,0
DA:161,0
DA:167,0
DA:171,0
DA:172,0
DA:204,0
DA:206,0
DA:207,0
DA:208,0
DA:216,0
DA:222,0
DA:223,0
DA:228,0
DA:229,0
DA:236,0
DA:238,0
DA:239,0
DA:240,0
DA:241,0
DA:242,0
DA:243,0
DA:244,0
DA:245,0
DA:249,0
DA:250,0
DA:254,0
DA:259,0
DA:260,0
LF:64
LH:0
BRF:0
BRH:0
end_of_record
TN:
SF:backend/migrate-review-workflow-extension.js
FN:9,migrateReviewWorkflowExtension
FNF:1
FNH:0
FNDA:0,migrateReviewWorkflowExtension
DA:1,0
DA:2,0
DA:3,0
DA:6,0
DA:7,0
DA:10,0
DA:11,0
DA:12,0
DA:14,0
DA:15,0
DA:17,0
DA:18,0
DA:19,0
DA:20,0
DA:21,0
DA:22,0
DA:23,0
DA:24,0
DA:25,0
DA:26,0
DA:27,0
DA:28,0
DA:29,0
DA:31,0
DA:32,0
DA:34,0
DA:35,0
DA:36,0
DA:40,0
LF:29
LH:0
BRF:0
BRH:0
end_of_record
TN:
SF:backend/migrate-review-workflow.js
FN:9,migrateReviewWorkflow
FNF:1
FNH:0
FNDA:0,migrateReviewWorkflow
DA:1,0
DA:2,0
DA:3,0
DA:6,0
DA:7,0
DA:10,0
DA:11,0
DA:12,0
DA:14,0
DA:15,0
DA:17,0
DA:18,0
DA:19,0
DA:20,0
DA:21,0
DA:22,0
DA:23,0
DA:24,0
DA:25,0
DA:26,0
DA:27,0
DA:29,0
DA:30,0
DA:32,0
DA:33,0
DA:34,0
DA:38,0
LF:27
LH:0
BRF:0
BRH:0
end_of_record
TN:
SF:backend/migrate.js
FN:16,main
FN:55,showStatus
FN:68,(anonymous_2)
FN:77,(anonymous_3)
FN:87,runMigrations
FN:100,rollbackMigration
FN:113,showHelp
FN:154,(anonymous_7)
FN:159,(anonymous_8)
FN:165,(anonymous_9)
FNF:10
FNH:0
FNDA:0,main
FNDA:0,showStatus
FNDA:0,(anonymous_2)
FNDA:0,(anonymous_3)
FNDA:0,runMigrations
FNDA:0,rollbackMigration
FNDA:0,showHelp
FNDA:0,(anonymous_7)
FNDA:0,(anonymous_8)
FNDA:0,(anonymous_9)
DA:14,0
DA:17,0
DA:18,0
DA:20,0
DA:22,0
DA:23,0
DA:25,0
DA:26,0
DA:29,0
DA:30,0
DA:33,0
DA:34,0
DA:38,0
DA:39,0
DA:42,0
DA:43,0
DA:44,0
DA:47,0
DA:50,0
DA:51,0
DA:56,0
DA:57,0
DA:59,0
DA:61,0
DA:62,0
DA:63,0
DA:64,0
DA:66,0
DA:67,0
DA:68,0
DA:69,0
DA:70,0
DA:72,0
DA:75,0
DA:76,0
DA:77,0
DA:78,0
DA:80,0
DA:81,0
DA:83,0
DA:88,0
DA:89,0
DA:91,0
DA:93,0
DA:94,0
DA:96,0
DA:101,0
DA:102,0
DA:103,0
DA:105,0
DA:106,0
DA:108,0
DA:109,0
DA:114,0
DA:154,0
DA:155,0
DA:156,0
DA:159,0
DA:160,0
DA:161,0
DA:165,0
DA:166,0
DA:167,0
LF:63
LH:0
BRDA:18,0,0,0
BRDA:18,0,1,0
BRDA:23,1,0,0
BRDA:23,1,1,0
BRDA:23,1,2,0
BRDA:23,1,3,0
BRDA:23,1,4,0
BRDA:23,1,5,0
BRDA:66,2,0,0
BRDA:66,2,1,0
BRDA:75,3,0,0
BRDA:75,3,1,0
BRDA:93,4,0,0
BRDA:93,4,1,0
BRF:14
BRH:0
end_of_record
TN:
SF:backend/run-migration.js
FN:11,runMigration
FNF:1
FNH:0
FNDA:0,runMigration
DA:1,0
DA:2,0
DA:3,0
DA:4,0
DA:6,0
DA:12,0
DA:13,0
DA:16,0
DA:26,0
DA:27,0
DA:28,0
DA:30,0
DA:32,0
DA:34,0
DA:37,0
DA:38,0
DA:40,0
DA:41,0
DA:42,0
DA:46,0
LF:20
LH:0
BRDA:8,0,0,0
BRDA:8,0,1,0
BRF:2
BRH:0
end_of_record
TN:
SF:backend/run-production-migrations.js
FN:8,runMigrations
FNF:1
FNH:0
FNDA:0,runMigrations
DA:1,0
DA:3,0
DA:9,0
DA:10,0
DA:13,0
DA:14,0
DA:17,0
DA:45,0
DA:46,0
DA:49,0
DA:51,0
DA:55,0
LF:12
LH:0
BRF:0
BRH:0
end_of_record
TN:
SF:backend/run-single-migration.js
FN:11,runMigration
FNF:1
FNH:0
FNDA:0,runMigration
DA:1,0
DA:2,0
DA:3,0
DA:4,0
DA:6,0
DA:12,0
DA:14,0
DA:15,0
DA:16,0
DA:17,0
DA:20,0
DA:21,0
DA:22,0
DA:24,0
DA:26,0
DA:27,0
DA:28,0
DA:31,0
DA:32,0
DA:34,0
DA:35,0
DA:37,0
DA:38,0
DA:39,0
DA:43,0
LF:25
LH:0
BRDA:7,0,0,0
BRDA:7,0,1,0
BRDA:8,1,0,0
BRDA:8,1,1,0
BRDA:14,2,0,0
BRDA:14,2,1,0
BRDA:26,3,0,0
BRDA:26,3,1,0
BRF:8
BRH:0
end_of_record
TN:
SF:backend/src/migrate-production.js
FN:41,(anonymous_0)
FN:66,(anonymous_1)
FNF:2
FNH:0
FNDA:0,(anonymous_0)
FNDA:0,(anonymous_1)
DA:2,0
DA:3,0
DA:4,0
DA:5,0
DA:10,0
DA:12,0
DA:13,0
DA:19,0
DA:21,0
DA:22,0
DA:31,0
DA:32,0
DA:33,0
DA:34,0
DA:35,0
DA:39,0
DA:41,0
DA:42,0
DA:43,0
DA:45,0
DA:46,0
DA:49,0
DA:51,0
DA:52,0
DA:54,0
DA:55,0
DA:58,0
DA:59,0
DA:60,0
DA:62,0
DA:66,0
DA:67,0
DA:68,0
DA:71,0
DA:72,0
DA:73,0
DA:75,0
DA:76,0
DA:80,0
DA:85,0
DA:86,0
DA:87,0
DA:88,0
DA:89,0
DA:91,0
DA:92,0
DA:96,0
DA:97,0
DA:99,0
DA:100,0
DA:101,0
DA:102,0
DA:103,0
DA:104,0
DA:105,0
DA:106,0
DA:107,0
DA:108,0
DA:109,0
DA:110,0
DA:111,0
DA:112,0
DA:113,0
DA:114,0
DA:115,0
DA:116,0
DA:120,0
DA:122,0
DA:123,0
DA:128,0
DA:129,0
DA:132,0
LF:72
LH:0
BRDA:10,0,0,0
BRDA:10,0,1,0
BRDA:15,1,0,0
BRDA:15,1,1,0
BRDA:19,2,0,0
BRDA:19,2,1,0
BRDA:58,3,0,0
BRDA:58,3,1,0
BRDA:88,4,0,0
BRDA:88,4,1,0
BRDA:99,5,0,0
BRDA:99,5,1,0
BRDA:128,6,0,0
BRDA:128,6,1,0
BRF:14
BRH:0
end_of_record
TN:
SF:backend/src/migrate.js
FN:7,(anonymous_0)
FN:26,(anonymous_1)
FNF:2
FNH:0
FNDA:0,(anonymous_0)
FNDA:0,(anonymous_1)
DA:2,0
DA:3,0
DA:4,0
DA:5,0
DA:7,0
DA:8,0
DA:9,0
DA:11,0
DA:12,0
DA:15,0
DA:17,0
DA:18,0
DA:20,0
DA:21,0
DA:22,0
DA:26,0
DA:27,0
DA:28,0
DA:31,0
DA:32,0
DA:33,0
DA:35,0
DA:36,0
DA:40,0
DA:45,0
DA:46,0
DA:47,0
DA:48,0
DA:49,0
DA:51,0
DA:52,0
DA:56,0
DA:57,0
DA:59,0
DA:60,0
DA:61,0
DA:62,0
DA:63,0
DA:64,0
DA:65,0
DA:66,0
DA:67,0
DA:68,0
DA:69,0
DA:70,0
DA:71,0
DA:72,0
DA:73,0
DA:74,0
DA:78,0
DA:80,0
DA:81,0
DA:86,0
DA:87,0
DA:90,0
LF:55
LH:0
BRDA:48,0,0,0
BRDA:48,0,1,0
BRDA:59,1,0,0
BRDA:59,1,1,0
BRDA:86,2,0,0
BRDA:86,2,1,0
BRF:6
BRH:0
end_of_record
TN:
SF:backend/src/server.js
FN:60,(anonymous_0)
FN:115,(anonymous_1)
FN:121,(anonymous_2)
FN:138,(anonymous_3)
FN:144,(anonymous_4)
FN:153,(anonymous_5)
FN:165,(anonymous_6)
FN:203,(anonymous_7)
FN:221,(anonymous_8)
FN:314,(anonymous_9)
FN:334,(anonymous_10)
FN:340,(anonymous_11)
FN:342,(anonymous_12)
FNF:13
FNH:0
FNDA:0,(anonymous_0)
FNDA:0,(anonymous_1)
FNDA:0,(anonymous_2)
FNDA:0,(anonymous_3)
FNDA:0,(anonymous_4)
FNDA:0,(anonymous_5)
FNDA:0,(anonymous_6)
FNDA:0,(anonymous_7)
FNDA:0,(anonymous_8)
FNDA:0,(anonymous_9)
FNDA:0,(anonymous_10)
FNDA:0,(anonymous_11)
FNDA:0,(anonymous_12)
DA:2,0
DA:3,0
DA:6,0
DA:7,0
DA:8,0
DA:9,0
DA:10,0
DA:11,0
DA:12,0
DA:14,0
DA:15,0
DA:16,0
DA:17,0
DA:18,0
DA:19,0
DA:20,0
DA:21,0
DA:22,0
DA:23,0
DA:24,0
DA:25,0
DA:27,0
DA:30,0
DA:31,0
DA:32,0
DA:33,0
DA:34,0
DA:35,0
DA:36,0
DA:37,0
DA:38,0
DA:41,0
DA:42,0
DA:43,0
DA:53,0
DA:56,0
DA:57,0
DA:60,0
DA:61,0
DA:62,0
DA:65,0
DA:66,0
DA:69,0
DA:70,0
DA:72,0
DA:74,0
DA:75,0
DA:80,0
DA:82,0
DA:83,0
DA:84,0
DA:87,0
DA:92,0
DA:107,0
DA:108,0
DA:109,0
DA:111,0
DA:115,0
DA:116,0
DA:117,0
DA:121,0
DA:122,0
DA:126,0
DA:128,0
DA:129,0
DA:130,0
DA:131,0
DA:135,0
DA:140,0
DA:141,0
DA:145,0
DA:146,0
DA:149,0
DA:154,0
DA:155,0
DA:165,0
DA:166,0
DA:167,0
DA:171,0
DA:174,0
DA:175,0
DA:176,0
DA:177,0
DA:178,0
DA:179,0
DA:180,0
DA:181,0
DA:182,0
DA:183,0
DA:184,0
DA:185,0
DA:187,0
DA:190,0
DA:191,0
DA:192,0
DA:193,0
DA:194,0
DA:195,0
DA:196,0
DA:197,0
DA:200,0
DA:203,0
DA:204,0
DA:221,0
DA:222,0
DA:223,0
DA:291,0
DA:292,0
DA:298,0
DA:308,0
DA:311,0
DA:314,0
DA:315,0
DA:316,0
DA:319,0
DA:320,0
DA:323,0
DA:328,0
DA:331,0
DA:334,0
DA:335,0
DA:336,0
DA:340,0
DA:341,0
DA:342,0
DA:343,0
DA:344,0
DA:348,0
DA:349,0
LF:129
LH:0
BRDA:2,0,0,0
BRDA:2,0,1,0
BRDA:84,1,0,0
BRDA:84,1,1,0
BRDA:94,2,0,0
BRDA:94,2,1,0
BRDA:122,3,0,0
BRDA:122,3,1,0
BRDA:128,4,0,0
BRDA:128,4,1,0
BRDA:128,5,0,0
BRDA:128,5,1,0
BRDA:130,6,0,0
BRDA:130,6,1,0
BRDA:130,7,0,0
BRDA:130,7,1,0
BRDA:140,8,0,0
BRDA:140,8,1,0
BRDA:145,9,0,0
BRDA:145,9,1,0
BRDA:154,10,0,0
BRDA:154,10,1,0
BRDA:319,11,0,0
BRDA:319,11,1,0
BRF:24
BRH:0
end_of_record
TN:
SF:backend/src/db/migrationManager.js
FN:12,(anonymous_0)
FN:18,(anonymous_1)
FN:44,(anonymous_2)
FN:49,(anonymous_3)
FN:63,(anonymous_4)
FN:66,(anonymous_5)
FN:67,(anonymous_6)
FN:73,(anonymous_7)
FN:94,(anonymous_8)
FN:109,(anonymous_9)
FN:112,(anonymous_10)
FN:114,(anonymous_11)
FN:118,(anonymous_12)
FN:174,(anonymous_13)
FN:203,(anonymous_14)
FN:217,(anonymous_15)
FN:231,(anonymous_16)
FNF:17
FNH:0
FNDA:0,(anonymous_0)
FNDA:0,(anonymous_1)
FNDA:0,(anonymous_2)
FNDA:0,(anonymous_3)
FNDA:0,(anonymous_4)
FNDA:0,(anonymous_5)
FNDA:0,(anonymous_6)
FNDA:0,(anonymous_7)
FNDA:0,(anonymous_8)
FNDA:0,(anonymous_9)
FNDA:0,(anonymous_10)
FNDA:0,(anonymous_11)
FNDA:0,(anonymous_12)
FNDA:0,(anonymous_13)
FNDA:0,(anonymous_14)
FNDA:0,(anonymous_15)
FNDA:0,(anonymous_16)
DA:6,0
DA:7,0
DA:8,0
DA:9,0
DA:13,0
DA:14,0
DA:19,0
DA:20,0
DA:34,0
DA:35,0
DA:38,0
DA:39,0
DA:45,0
DA:51,0
DA:52,0
DA:53,0
DA:56,0
DA:57,0
DA:59,0
DA:64,0
DA:65,0
DA:66,0
DA:69,0
DA:73,0
DA:74,0
DA:75,0
DA:76,0
DA:78,0
DA:88,0
DA:89,0
DA:95,0
DA:96,0
DA:101,0
DA:103,0
DA:104,0
DA:110,0
DA:111,0
DA:112,0
DA:114,0
DA:119,0
DA:121,0
DA:122,0
DA:125,0
DA:128,0
DA:131,0
DA:142,0
DA:144,0
DA:146,0
DA:150,0
DA:152,0
DA:155,0
DA:156,0
DA:166,0
DA:169,0
DA:175,0
DA:176,0
DA:178,0
DA:180,0
DA:181,0
DA:182,0
DA:185,0
DA:187,0
DA:188,0
DA:189,0
DA:190,0
DA:193,0
DA:194,0
DA:197,0
DA:198,0
DA:204,0
DA:205,0
DA:207,0
DA:208,0
DA:209,0
DA:211,0
DA:217,0
DA:225,0
DA:226,0
DA:232,0
DA:233,0
DA:240,0
DA:241,0
DA:244,0
DA:247,0
DA:248,0
DA:249,0
DA:252,0
DA:253,0
DA:258,0
LF:89
LH:0
BRDA:34,0,0,0
BRDA:34,0,1,0
BRDA:52,1,0,0
BRDA:52,1,1,0
BRDA:69,2,0,0
BRDA:69,2,1,0
BRDA:180,3,0,0
BRDA:180,3,1,0
BRDA:240,4,0,0
BRDA:240,4,1,0
BRF:10
BRH:0
end_of_record
TN:
SF:backend/src/db/pool.js
FN:5,(anonymous_0)
FNF:1
FNH:0
FNDA:0,(anonymous_0)
DA:1,0
DA:2,0
DA:5,0
DA:6,0
DA:11,0
DA:12,0
DA:18,0
DA:27,0
DA:41,0
LF:9
LH:0
BRDA:6,0,0,0
BRDA:6,0,1,0
BRDA:11,1,0,0
BRDA:11,1,1,0
BRDA:11,2,0,0
BRDA:11,2,1,0
BRDA:20,3,0,0
BRDA:20,3,1,0
BRDA:21,4,0,0
BRDA:21,4,1,0
BRDA:22,5,0,0
BRDA:22,5,1,0
BRDA:27,6,0,0
BRDA:27,6,1,0
BRDA:33,7,0,0
BRDA:33,7,1,0
BRDA:34,8,0,0
BRDA:34,8,1,0
BRDA:35,9,0,0
BRDA:35,9,1,0
BRDA:36,10,0,0
BRDA:36,10,1,0
BRDA:37,11,0,0
BRDA:37,11,1,0
BRF:24
BRH:0
end_of_record
TN:
SF:backend/src/middleware/advancedValidation.js
FN:101,(anonymous_0)
FN:111,(anonymous_1)
FN:117,(anonymous_2)
FN:123,(anonymous_3)
FN:138,(anonymous_4)
FN:144,(anonymous_5)
FN:151,(anonymous_6)
FN:152,(anonymous_7)
FN:161,(anonymous_8)
FN:178,(anonymous_9)
FN:195,(anonymous_10)
FN:197,(anonymous_11)
FN:201,(anonymous_12)
FN:303,(anonymous_13)
FN:322,(anonymous_14)
FN:331,(anonymous_15)
FN:345,(anonymous_16)
FN:346,(anonymous_17)
FN:353,(anonymous_18)
FNF:19
FNH:0
FNDA:0,(anonymous_0)
FNDA:0,(anonymous_1)
FNDA:0,(anonymous_2)
FNDA:0,(anonymous_3)
FNDA:0,(anonymous_4)
FNDA:0,(anonymous_5)
FNDA:0,(anonymous_6)
FNDA:0,(anonymous_7)
FNDA:0,(anonymous_8)
FNDA:0,(anonymous_9)
FNDA:0,(anonymous_10)
FNDA:0,(anonymous_11)
FNDA:0,(anonymous_12)
FNDA:0,(anonymous_13)
FNDA:0,(anonymous_14)
FNDA:0,(anonymous_15)
FNDA:0,(anonymous_16)
FNDA:0,(anonymous_17)
FNDA:0,(anonymous_18)
DA:6,0
DA:7,0
DA:8,0
DA:9,0
DA:10,0
DA:11,0
DA:14,0
DA:99,0
DA:102,0
DA:103,0
DA:112,0
DA:113,0
DA:118,0
DA:119,0
DA:124,0
DA:126,0
DA:127,0
DA:128,0
DA:129,0
DA:132,0
DA:134,0
DA:139,0
DA:140,0
DA:145,0
DA:146,0
DA:151,0
DA:152,0
DA:153,0
DA:154,0
DA:160,0
DA:161,0
DA:168,0
DA:176,0
DA:178,0
DA:185,0
DA:186,0
DA:188,0
DA:189,0
DA:195,0
DA:196,0
DA:197,0
DA:198,0
DA:200,0
DA:201,0
DA:204,0
DA:205,0
DA:206,0
DA:207,0
DA:208,0
DA:210,0
DA:213,0
DA:214,0
DA:217,0
DA:218,0
DA:219,0
DA:220,0
DA:222,0
DA:225,0
DA:229,0
DA:230,0
DA:234,0
DA:235,0
DA:239,0
DA:240,0
DA:243,0
DA:245,0
DA:246,0
DA:251,0
DA:303,0
DA:304,0
DA:315,0
DA:316,0
DA:318,0
DA:322,0
DA:323,0
DA:327,0
DA:331,0
DA:332,0
DA:333,0
DA:334,0
DA:335,0
DA:337,0
DA:338,0
DA:341,0
DA:345,0
DA:346,0
DA:348,0
DA:349,0
DA:352,0
DA:353,0
DA:354,0
DA:358,0
DA:359,0
DA:362,0
DA:363,0
DA:364,0
DA:373,0
DA:379,0
DA:383,0
LF:99
LH:0
BRDA:102,0,0,0
BRDA:102,0,1,0
BRDA:112,1,0,0
BRDA:112,1,1,0
BRDA:118,2,0,0
BRDA:118,2,1,0
BRDA:124,3,0,0
BRDA:124,3,1,0
BRDA:124,4,0,0
BRDA:124,4,1,0
BRDA:128,5,0,0
BRDA:128,5,1,0
BRDA:128,6,0,0
BRDA:128,6,1,0
BRDA:139,7,0,0
BRDA:139,7,1,0
BRDA:145,8,0,0
BRDA:145,8,1,0
BRDA:160,9,0,0
BRDA:160,9,1,0
BRDA:197,10,0,0
BRDA:198,11,0,0
BRDA:198,11,1,0
BRDA:200,12,0,0
BRDA:200,12,1,0
BRDA:204,13,0,0
BRDA:204,13,1,0
BRDA:204,14,0,0
BRDA:204,14,1,0
BRDA:213,15,0,0
BRDA:213,15,1,0
BRDA:229,16,0,0
BRDA:229,16,1,0
BRDA:234,17,0,0
BRDA:234,17,1,0
BRDA:239,18,0,0
BRDA:239,18,1,0
BRDA:316,19,0,0
BRDA:316,19,1,0
BRDA:316,20,0,0
BRDA:316,20,1,0
BRDA:337,21,0,0
BRDA:337,21,1,0
BRDA:337,22,0,0
BRDA:337,22,1,0
BRDA:345,23,0,0
BRDA:348,24,0,0
BRDA:348,24,1,0
BRDA:348,25,0,0
BRDA:348,25,1,0
BRDA:348,25,2,0
BRDA:352,26,0,0
BRDA:352,26,1,0
BRDA:358,27,0,0
BRDA:358,27,1,0
BRDA:358,28,0,0
BRDA:358,28,1,0
BRDA:362,29,0,0
BRDA:362,29,1,0
BRDA:362,30,0,0
BRDA:362,30,1,0
BRDA:363,31,0,0
BRDA:363,31,1,0
BRF:63
BRH:0
end_of_record
TN:
SF:backend/src/middleware/auth.js
FN:17,(anonymous_0)
FN:33,(anonymous_1)
FN:59,(anonymous_2)
FN:67,(anonymous_3)
FN:253,(anonymous_4)
FN:276,(anonymous_5)
FN:282,(anonymous_6)
FN:298,(anonymous_7)
FN:313,(anonymous_8)
FN:349,(anonymous_9)
FN:383,(anonymous_10)
FN:388,(anonymous_11)
FNF:12
FNH:0
FNDA:0,(anonymous_0)
FNDA:0,(anonymous_1)
FNDA:0,(anonymous_2)
FNDA:0,(anonymous_3)
FNDA:0,(anonymous_4)
FNDA:0,(anonymous_5)
FNDA:0,(anonymous_6)
FNDA:0,(anonymous_7)
FNDA:0,(anonymous_8)
FNDA:0,(anonymous_9)
FNDA:0,(anonymous_10)
FNDA:0,(anonymous_11)
DA:1,0
DA:2,0
DA:3,0
DA:4,0
DA:7,0
DA:8,0
DA:9,0
DA:10,0
DA:14,0
DA:17,0
DA:18,0
DA:19,0
DA:20,0
DA:21,0
DA:23,0
DA:29,0
DA:33,0
DA:34,0
DA:35,0
DA:53,0
DA:60,0
DA:61,0
DA:63,0
DA:67,0
DA:68,0
DA:69,0
DA:70,0
DA:72,0
DA:74,0
DA:75,0
DA:76,0
DA:77,0
DA:79,0
DA:80,0
DA:81,0
DA:82,0
DA:85,0
DA:88,0
DA:89,0
DA:90,0
DA:91,0
DA:92,0
DA:94,0
DA:95,0
DA:100,0
DA:102,0
DA:103,0
DA:104,0
DA:105,0
DA:108,0
DA:109,0
DA:110,0
DA:114,0
DA:115,0
DA:116,0
DA:117,0
DA:121,0
DA:124,0
DA:125,0
DA:126,0
DA:127,0
DA:131,0
DA:132,0
DA:134,0
DA:139,0
DA:140,0
DA:141,0
DA:144,0
DA:145,0
DA:146,0
DA:147,0
DA:148,0
DA:149,0
DA:152,0
DA:153,0
DA:162,0
DA:163,0
DA:171,0
DA:174,0
DA:175,0
DA:176,0
DA:181,0
DA:182,0
DA:183,0
DA:184,0
DA:185,0
DA:188,0
DA:189,0
DA:190,0
DA:191,0
DA:192,0
DA:193,0
DA:194,0
DA:197,0
DA:198,0
DA:207,0
DA:208,0
DA:216,0
DA:219,0
DA:220,0
DA:221,0
DA:225,0
DA:226,0
DA:228,0
DA:229,0
DA:230,0
DA:231,0
DA:232,0
DA:233,0
DA:234,0
DA:235,0
DA:236,0
DA:239,0
DA:240,0
DA:248,0
DA:253,0
DA:254,0
DA:256,0
DA:258,0
DA:260,0
DA:268,0
DA:270,0
DA:271,0
DA:276,0
DA:277,0
DA:278,0
DA:282,0
DA:283,0
DA:284,0
DA:285,0
DA:286,0
DA:294,0
DA:298,0
DA:299,0
DA:300,0
DA:302,0
DA:303,0
DA:304,0
DA:310,0
DA:313,0
DA:314,0
DA:315,0
DA:316,0
DA:317,0
DA:319,0
DA:320,0
DA:323,0
DA:324,0
DA:328,0
DA:329,0
DA:331,0
DA:337,0
DA:343,0
DA:344,0
DA:349,0
DA:350,0
DA:351,0
DA:354,0
DA:357,0
DA:358,0
DA:364,0
DA:370,0
DA:377,0
DA:378,0
DA:383,0
DA:384,0
DA:385,0
DA:386,0
DA:388,0
DA:394,0
DA:401,0
DA:402,0
DA:406,0
LF:173
LH:0
BRDA:7,0,0,0
BRDA:7,0,1,0
BRDA:18,1,0,0
BRDA:18,1,1,0
BRDA:19,2,0,0
BRDA:19,2,1,0
BRDA:20,3,0,0
BRDA:20,3,1,0
BRDA:21,4,0,0
BRDA:21,4,1,0
BRDA:21,4,2,0
BRDA:33,5,0,0
BRDA:39,6,0,0
BRDA:39,6,1,0
BRDA:42,7,0,0
BRDA:42,7,1,0
BRDA:68,8,0,0
BRDA:68,8,1,0
BRDA:75,9,0,0
BRDA:75,9,1,0
BRDA:75,10,0,0
BRDA:75,10,1,0
BRDA:79,11,0,0
BRDA:79,11,1,0
BRDA:88,12,0,0
BRDA:88,12,1,0
BRDA:102,13,0,0
BRDA:102,13,1,0
BRDA:102,14,0,0
BRDA:102,14,1,0
BRDA:104,15,0,0
BRDA:104,15,1,0
BRDA:104,16,0,0
BRDA:104,16,1,0
BRDA:108,17,0,0
BRDA:108,17,1,0
BRDA:115,18,0,0
BRDA:115,18,1,0
BRDA:125,19,0,0
BRDA:125,19,1,0
BRDA:125,20,0,0
BRDA:125,20,1,0
BRDA:126,21,0,0
BRDA:126,21,1,0
BRDA:131,22,0,0
BRDA:131,22,1,0
BRDA:131,23,0,0
BRDA:131,23,1,0
BRDA:139,24,0,0
BRDA:139,24,1,0
BRDA:162,25,0,0
BRDA:162,25,1,0
BRDA:162,26,0,0
BRDA:162,26,1,0
BRDA:183,27,0,0
BRDA:183,27,1,0
BRDA:207,28,0,0
BRDA:207,28,1,0
BRDA:207,29,0,0
BRDA:207,29,1,0
BRDA:228,30,0,0
BRDA:228,30,1,0
BRDA:231,31,0,0
BRDA:231,31,1,0
BRDA:234,32,0,0
BRDA:234,32,1,0
BRDA:245,33,0,0
BRDA:245,33,1,0
BRDA:253,34,0,0
BRDA:258,35,0,0
BRDA:258,35,1,0
BRDA:285,36,0,0
BRDA:285,36,1,0
BRDA:303,37,0,0
BRDA:303,37,1,0
BRDA:315,38,0,0
BRDA:315,38,1,0
BRDA:319,39,0,0
BRDA:319,39,1,0
BRDA:323,40,0,0
BRDA:323,40,1,0
BRDA:323,41,0,0
BRDA:323,41,1,0
BRF:83
BRH:0
end_of_record
TN:
SF:backend/src/middleware/authorization.js
FN:116,(anonymous_0)
FN:138,(anonymous_1)
FN:148,(anonymous_2)
FN:155,(anonymous_3)
FN:156,(anonymous_4)
FN:197,(anonymous_5)
FN:198,(anonymous_6)
FN:255,(anonymous_7)
FN:256,(anonymous_8)
FN:317,(anonymous_9)
FN:345,(anonymous_10)
FN:346,(anonymous_11)
FNF:12
FNH:0
FNDA:0,(anonymous_0)
FNDA:0,(anonymous_1)
FNDA:0,(anonymous_2)
FNDA:0,(anonymous_3)
FNDA:0,(anonymous_4)
FNDA:0,(anonymous_5)
FNDA:0,(anonymous_6)
FNDA:0,(anonymous_7)
FNDA:0,(anonymous_8)
FNDA:0,(anonymous_9)
FNDA:0,(anonymous_10)
FNDA:0,(anonymous_11)
DA:6,0
DA:9,0
DA:20,0
DA:70,0
DA:116,0
DA:117,0
DA:118,0
DA:119,0
DA:122,0
DA:123,0
DA:130,0
DA:132,0
DA:133,0
DA:138,0
DA:139,0
DA:141,0
DA:142,0
DA:144,0
DA:148,0
DA:149,0
DA:150,0
DA:151,0
DA:155,0
DA:156,0
DA:157,0
DA:158,0
DA:160,0
DA:161,0
DA:165,0
DA:166,0
DA:167,0
DA:171,0
DA:172,0
DA:173,0
DA:176,0
DA:179,0
DA:180,0
DA:181,0
DA:188,0
DA:190,0
DA:191,0
DA:197,0
DA:198,0
DA:199,0
DA:200,0
DA:201,0
DA:203,0
DA:204,0
DA:208,0
DA:209,0
DA:213,0
DA:215,0
DA:217,0
DA:218,0
DA:220,0
DA:221,0
DA:223,0
DA:224,0
DA:226,0
DA:229,0
DA:231,0
DA:232,0
DA:235,0
DA:237,0
DA:238,0
DA:243,0
DA:246,0
DA:248,0
DA:249,0
DA:255,0
DA:256,0
DA:257,0
DA:258,0
DA:259,0
DA:261,0
DA:262,0
DA:266,0
DA:267,0
DA:270,0
DA:271,0
DA:272,0
DA:275,0
DA:276,0
DA:281,0
DA:283,0
DA:285,0
DA:286,0
DA:287,0
DA:291,0
DA:295,0
DA:298,0
DA:299,0
DA:308,0
DA:310,0
DA:311,0
DA:317,0
DA:318,0
DA:319,0
DA:340,0
DA:345,0
DA:346,0
DA:347,0
DA:348,0
DA:349,0
DA:351,0
DA:352,0
DA:356,0
DA:357,0
DA:361,0
DA:362,0
DA:363,0
DA:366,0
DA:371,0
DA:377,0
DA:378,0
DA:381,0
DA:382,0
DA:385,0
DA:386,0
DA:387,0
DA:392,0
DA:399,0
DA:400,0
DA:401,0
DA:404,0
DA:405,0
DA:410,0
LF:127
LH:0
BRDA:119,0,0,0
BRDA:119,0,1,0
BRDA:130,1,0,0
BRDA:130,1,1,0
BRDA:139,2,0,0
BRDA:139,2,1,0
BRDA:139,3,0,0
BRDA:139,3,1,0
BRDA:142,4,0,0
BRDA:142,4,1,0
BRDA:149,5,0,0
BRDA:149,5,1,0
BRDA:150,6,0,0
BRDA:150,6,1,0
BRDA:160,7,0,0
BRDA:160,7,1,0
BRDA:165,8,0,0
BRDA:165,8,1,0
BRDA:172,9,0,0
BRDA:172,9,1,0
BRDA:179,10,0,0
BRDA:179,10,1,0
BRDA:201,11,0,0
BRDA:201,11,1,0
BRDA:201,11,2,0
BRDA:203,12,0,0
BRDA:203,12,1,0
BRDA:208,13,0,0
BRDA:208,13,1,0
BRDA:208,14,0,0
BRDA:208,14,1,0
BRDA:208,14,2,0
BRDA:215,15,0,0
BRDA:215,15,1,0
BRDA:215,15,2,0
BRDA:215,15,3,0
BRDA:231,16,0,0
BRDA:231,16,1,0
BRDA:237,17,0,0
BRDA:237,17,1,0
BRDA:259,18,0,0
BRDA:259,18,1,0
BRDA:261,19,0,0
BRDA:261,19,1,0
BRDA:266,20,0,0
BRDA:266,20,1,0
BRDA:266,21,0,0
BRDA:266,21,1,0
BRDA:266,21,2,0
BRDA:271,22,0,0
BRDA:271,22,1,0
BRDA:276,23,0,0
BRDA:276,23,1,0
BRDA:283,24,0,0
BRDA:283,24,1,0
BRDA:283,24,2,0
BRDA:298,25,0,0
BRDA:298,25,1,0
BRDA:317,26,0,0
BRDA:345,27,0,0
BRDA:349,28,0,0
BRDA:349,28,1,0
BRDA:351,29,0,0
BRDA:351,29,1,0
BRDA:356,30,0,0
BRDA:356,30,1,0
BRDA:362,31,0,0
BRDA:362,31,1,0
BRDA:366,32,0,0
BRDA:366,32,1,0
BRDA:377,33,0,0
BRDA:377,33,1,0
BRDA:382,34,0,0
BRDA:382,34,1,0
BRDA:386,35,0,0
BRDA:386,35,1,0
BRF:76
BRH:0
end_of_record
TN:
SF:backend/src/middleware/csrf.js
FN:19,(anonymous_0)
FN:24,(anonymous_1)
FN:42,(anonymous_2)
FN:68,(anonymous_3)
FN:69,(anonymous_4)
FN:75,(anonymous_5)
FN:96,(anonymous_6)
FN:145,(anonymous_7)
FN:196,(anonymous_8)
FN:223,(anonymous_9)
FN:243,(anonymous_10)
FN:261,(anonymous_11)
FN:265,(anonymous_12)
FN:267,(anonymous_13)
FNF:14
FNH:0
FNDA:0,(anonymous_0)
FNDA:0,(anonymous_1)
FNDA:0,(anonymous_2)
FNDA:0,(anonymous_3)
FNDA:0,(anonymous_4)
FNDA:0,(anonymous_5)
FNDA:0,(anonymous_6)
FNDA:0,(anonymous_7)
FNDA:0,(anonymous_8)
FNDA:0,(anonymous_9)
FNDA:0,(anonymous_10)
FNDA:0,(anonymous_11)
FNDA:0,(anonymous_12)
FNDA:0,(anonymous_13)
DA:6,0
DA:7,0
DA:10,0
DA:16,0
DA:19,0
DA:20,0
DA:24,0
DA:25,0
DA:27,0
DA:30,0
DA:31,0
DA:38,0
DA:42,0
DA:43,0
DA:44,0
DA:46,0
DA:47,0
DA:48,0
DA:54,0
DA:57,0
DA:68,0
DA:69,0
DA:70,0
DA:75,0
DA:76,0
DA:77,0
DA:78,0
DA:81,0
DA:82,0
DA:85,0
DA:90,0
DA:91,0
DA:96,0
DA:97,0
DA:98,0
DA:99,0
DA:102,0
DA:103,0
DA:106,0
DA:108,0
DA:109,0
DA:113,0
DA:114,0
DA:118,0
DA:120,0
DA:121,0
DA:125,0
DA:128,0
DA:129,0
DA:130,0
DA:133,0
DA:134,0
DA:136,0
DA:139,0
DA:140,0
DA:145,0
DA:147,0
DA:148,0
DA:152,0
DA:153,0
DA:156,0
DA:158,0
DA:164,0
DA:165,0
DA:168,0
DA:170,0
DA:171,0
DA:180,0
DA:183,0
DA:185,0
DA:196,0
DA:197,0
DA:198,0
DA:199,0
DA:201,0
DA:203,0
DA:211,0
DA:213,0
DA:223,0
DA:225,0
DA:226,0
DA:227,0
DA:228,0
DA:230,0
DA:231,0
DA:232,0
DA:235,0
DA:239,0
DA:243,0
DA:245,0
DA:246,0
DA:249,0
DA:252,0
DA:255,0
DA:257,0
DA:261,0
DA:262,0
DA:265,0
DA:267,0
DA:271,0
LF:100
LH:0
BRDA:25,0,0,0
BRDA:25,0,1,0
BRDA:30,1,0,0
BRDA:30,1,1,0
BRDA:47,2,0,0
BRDA:47,2,1,0
BRDA:77,3,0,0
BRDA:77,3,1,0
BRDA:81,4,0,0
BRDA:81,4,1,0
BRDA:82,5,0,0
BRDA:82,5,1,0
BRDA:82,5,2,0
BRDA:87,6,0,0
BRDA:87,6,1,0
BRDA:98,7,0,0
BRDA:98,7,1,0
BRDA:102,8,0,0
BRDA:102,8,1,0
BRDA:102,9,0,0
BRDA:102,9,1,0
BRDA:106,10,0,0
BRDA:106,10,1,0
BRDA:108,11,0,0
BRDA:108,11,1,0
BRDA:113,12,0,0
BRDA:113,12,1,0
BRDA:120,13,0,0
BRDA:120,13,1,0
BRDA:128,14,0,0
BRDA:128,14,1,0
BRDA:133,15,0,0
BRDA:133,15,1,0
BRDA:134,16,0,0
BRDA:134,16,1,0
BRDA:134,16,2,0
BRDA:147,17,0,0
BRDA:147,17,1,0
BRDA:152,18,0,0
BRDA:152,18,1,0
BRDA:158,19,0,0
BRDA:158,19,1,0
BRDA:158,19,2,0
BRDA:158,19,3,0
BRDA:164,20,0,0
BRDA:164,20,1,0
BRDA:165,21,0,0
BRDA:165,21,1,0
BRDA:170,22,0,0
BRDA:170,22,1,0
BRDA:198,23,0,0
BRDA:198,23,1,0
BRDA:199,24,0,0
BRDA:199,24,1,0
BRDA:225,25,0,0
BRDA:225,25,1,0
BRDA:225,26,0,0
BRDA:225,26,1,0
BRDA:227,27,0,0
BRDA:227,27,1,0
BRDA:228,28,0,0
BRDA:228,28,1,0
BRDA:230,29,0,0
BRDA:230,29,1,0
BRDA:230,30,0,0
BRDA:230,30,1,0
BRDA:266,31,0,0
BRDA:266,31,1,0
BRF:68
BRH:0
end_of_record
TN:
SF:backend/src/middleware/encryption.js
FN:48,(anonymous_0)
FN:85,(anonymous_1)
FN:117,(anonymous_2)
FN:134,(anonymous_3)
FN:150,(anonymous_4)
FN:163,(anonymous_5)
FN:177,(anonymous_6)
FN:211,(anonymous_7)
FN:239,(anonymous_8)
FN:256,(anonymous_9)
FN:261,(anonymous_10)
FN:276,(anonymous_11)
FN:281,(anonymous_12)
FN:298,(anonymous_13)
FN:299,(anonymous_14)
FN:315,(anonymous_15)
FN:316,(anonymous_16)
FN:319,(anonymous_17)
FN:323,(anonymous_18)
FN:343,(anonymous_19)
FNF:20
FNH:0
FNDA:0,(anonymous_0)
FNDA:0,(anonymous_1)
FNDA:0,(anonymous_2)
FNDA:0,(anonymous_3)
FNDA:0,(anonymous_4)
FNDA:0,(anonymous_5)
FNDA:0,(anonymous_6)
FNDA:0,(anonymous_7)
FNDA:0,(anonymous_8)
FNDA:0,(anonymous_9)
FNDA:0,(anonymous_10)
FNDA:0,(anonymous_11)
FNDA:0,(anonymous_12)
FNDA:0,(anonymous_13)
FNDA:0,(anonymous_14)
FNDA:0,(anonymous_15)
FNDA:0,(anonymous_16)
FNDA:0,(anonymous_17)
FNDA:0,(anonymous_18)
FNDA:0,(anonymous_19)
DA:6,0
DA:7,0
DA:10,0
DA:11,0
DA:12,0
DA:13,0
DA:14,0
DA:17,0
DA:18,0
DA:20,0
DA:21,0
DA:22,0
DA:23,0
DA:26,0
DA:27,0
DA:28,0
DA:29,0
DA:33,0
DA:34,0
DA:35,0
DA:38,0
DA:39,0
DA:40,0
DA:48,0
DA:49,0
DA:51,0
DA:53,0
DA:56,0
DA:59,0
DA:60,0
DA:63,0
DA:66,0
DA:74,0
DA:75,0
DA:85,0
DA:86,0
DA:88,0
DA:89,0
DA:92,0
DA:95,0
DA:98,0
DA:101,0
DA:102,0
DA:104,0
DA:106,0
DA:107,0
DA:117,0
DA:118,0
DA:120,0
DA:121,0
DA:123,0
DA:124,0
DA:134,0
DA:135,0
DA:137,0
DA:138,0
DA:140,0
DA:141,0
DA:150,0
DA:151,0
DA:152,0
DA:154,0
DA:155,0
DA:163,0
DA:164,0
DA:165,0
DA:167,0
DA:168,0
DA:177,0
DA:178,0
DA:179,0
DA:182,0
DA:183,0
DA:184,0
DA:186,0
DA:191,0
DA:193,0
DA:201,0
DA:202,0
DA:211,0
DA:212,0
DA:213,0
DA:216,0
DA:217,0
DA:218,0
DA:220,0
DA:221,0
DA:223,0
DA:228,0
DA:230,0
DA:231,0
DA:239,0
DA:240,0
DA:242,0
DA:243,0
DA:246,0
DA:256,0
DA:257,0
DA:259,0
DA:261,0
DA:262,0
DA:263,0
DA:267,0
DA:276,0
DA:277,0
DA:279,0
DA:281,0
DA:282,0
DA:283,0
DA:284,0
DA:286,0
DA:292,0
DA:298,0
DA:299,0
DA:300,0
DA:301,0
DA:302,0
DA:304,0
DA:306,0
DA:307,0
DA:315,0
DA:316,0
DA:317,0
DA:319,0
DA:320,0
DA:321,0
DA:322,0
DA:323,0
DA:325,0
DA:329,0
DA:333,0
DA:336,0
DA:343,0
DA:344,0
DA:345,0
DA:346,0
DA:347,0
DA:349,0
DA:350,0
DA:352,0
DA:353,0
DA:357,0
LF:142
LH:0
BRDA:20,0,0,0
BRDA:20,0,1,0
BRDA:26,1,0,0
BRDA:26,1,1,0
BRDA:48,2,0,0
BRDA:49,3,0,0
BRDA:49,3,1,0
BRDA:85,4,0,0
BRDA:86,5,0,0
BRDA:86,5,1,0
BRDA:86,6,0,0
BRDA:86,6,1,0
BRDA:92,7,0,0
BRDA:92,7,1,0
BRDA:117,8,0,0
BRDA:118,9,0,0
BRDA:118,9,1,0
BRDA:135,10,0,0
BRDA:135,10,1,0
BRDA:135,11,0,0
BRDA:135,11,1,0
BRDA:150,12,0,0
BRDA:178,13,0,0
BRDA:178,13,1,0
BRDA:212,14,0,0
BRDA:212,14,1,0
BRDA:218,15,0,0
BRDA:218,15,1,0
BRDA:240,16,0,0
BRDA:240,16,1,0
BRDA:256,17,0,0
BRDA:257,18,0,0
BRDA:257,18,1,0
BRDA:257,19,0,0
BRDA:257,19,1,0
BRDA:262,20,0,0
BRDA:262,20,1,0
BRDA:262,21,0,0
BRDA:262,21,1,0
BRDA:276,22,0,0
BRDA:277,23,0,0
BRDA:277,23,1,0
BRDA:277,24,0,0
BRDA:277,24,1,0
BRDA:282,25,0,0
BRDA:282,25,1,0
BRDA:282,26,0,0
BRDA:282,26,1,0
BRDA:298,27,0,0
BRDA:301,28,0,0
BRDA:301,28,1,0
BRDA:301,29,0,0
BRDA:301,29,1,0
BRDA:315,30,0,0
BRDA:321,31,0,0
BRDA:321,31,1,0
BRDA:321,32,0,0
BRDA:321,32,1,0
BRDA:322,33,0,0
BRDA:322,33,1,0
BRF:60
BRH:0
end_of_record
TN:
SF:backend/src/middleware/errorHandler.js
FN:32,(anonymous_0)
FN:37,(anonymous_1)
FN:65,(anonymous_2)
FN:110,(anonymous_3)
FN:216,(anonymous_4)
FN:276,(anonymous_5)
FN:295,(anonymous_6)
FN:296,(anonymous_7)
FN:302,(anonymous_8)
FN:321,(anonymous_9)
FN:327,(anonymous_10)
FN:334,(anonymous_11)
FN:345,(anonymous_12)
FN:349,(anonymous_13)
FN:359,(anonymous_14)
FN:360,(anonymous_15)
FN:394,(anonymous_16)
FN:396,(anonymous_17)
FN:402,(anonymous_18)
FNF:19
FNH:0
FNDA:0,(anonymous_0)
FNDA:0,(anonymous_1)
FNDA:0,(anonymous_2)
FNDA:0,(anonymous_3)
FNDA:0,(anonymous_4)
FNDA:0,(anonymous_5)
FNDA:0,(anonymous_6)
FNDA:0,(anonymous_7)
FNDA:0,(anonymous_8)
FNDA:0,(anonymous_9)
FNDA:0,(anonymous_10)
FNDA:0,(anonymous_11)
FNDA:0,(anonymous_12)
FNDA:0,(anonymous_13)
FNDA:0,(anonymous_14)
FNDA:0,(anonymous_15)
FNDA:0,(anonymous_16)
FNDA:0,(anonymous_17)
FNDA:0,(anonymous_18)
DA:6,0
DA:9,0
DA:18,0
DA:32,0
DA:33,0
DA:37,0
DA:39,0
DA:40,0
DA:49,0
DA:50,0
DA:58,0
DA:65,0
DA:66,0
DA:67,0
DA:89,0
DA:100,0
DA:101,0
DA:105,0
DA:110,0
DA:112,0
DA:113,0
DA:115,0
DA:121,0
DA:127,0
DA:133,0
DA:139,0
DA:148,0
DA:149,0
DA:156,0
DA:157,0
DA:165,0
DA:166,0
DA:174,0
DA:175,0
DA:177,0
DA:183,0
DA:189,0
DA:195,0
DA:204,0
DA:205,0
DA:212,0
DA:216,0
DA:217,0
DA:218,0
DA:221,0
DA:224,0
DA:225,0
DA:226,0
DA:227,0
DA:230,0
DA:231,0
DA:235,0
DA:243,0
DA:251,0
DA:252,0
DA:253,0
DA:257,0
DA:258,0
DA:262,0
DA:272,0
DA:276,0
DA:277,0
DA:280,0
DA:286,0
DA:295,0
DA:296,0
DA:297,0
DA:302,0
DA:303,0
DA:314,0
DA:321,0
DA:322,0
DA:327,0
DA:328,0
DA:329,0
DA:334,0
DA:335,0
DA:338,0
DA:339,0
DA:341,0
DA:342,0
DA:345,0
DA:347,0
DA:348,0
DA:349,0
DA:350,0
DA:352,0
DA:355,0
DA:359,0
DA:360,0
DA:361,0
DA:362,0
DA:381,0
DA:383,0
DA:384,0
DA:394,0
DA:396,0
DA:397,0
DA:398,0
DA:402,0
DA:403,0
DA:404,0
DA:407,0
DA:410,0
LF:104
LH:0
BRDA:37,0,0,0
BRDA:39,1,0,0
BRDA:39,1,1,0
BRDA:41,2,0,0
BRDA:41,2,1,0
BRDA:42,3,0,0
BRDA:42,3,1,0
BRDA:43,4,0,0
BRDA:43,4,1,0
BRDA:44,5,0,0
BRDA:44,5,1,0
BRDA:44,5,2,0
BRDA:49,6,0,0
BRDA:49,6,1,0
BRDA:52,7,0,0
BRDA:52,7,1,0
BRDA:53,8,0,0
BRDA:53,8,1,0
BRDA:53,8,2,0
BRDA:74,9,0,0
BRDA:74,9,1,0
BRDA:75,10,0,0
BRDA:75,10,1,0
BRDA:78,11,0,0
BRDA:78,11,1,0
BRDA:79,12,0,0
BRDA:79,12,1,0
BRDA:79,13,0,0
BRDA:79,13,1,0
BRDA:80,14,0,0
BRDA:80,14,1,0
BRDA:83,15,0,0
BRDA:83,15,1,0
BRDA:100,16,0,0
BRDA:100,16,1,0
BRDA:112,17,0,0
BRDA:112,17,1,0
BRDA:113,18,0,0
BRDA:113,18,1,0
BRDA:113,18,2,0
BRDA:113,18,3,0
BRDA:113,18,4,0
BRDA:148,19,0,0
BRDA:148,19,1,0
BRDA:156,20,0,0
BRDA:156,20,1,0
BRDA:165,21,0,0
BRDA:165,21,1,0
BRDA:165,22,0,0
BRDA:165,22,1,0
BRDA:169,23,0,0
BRDA:169,23,1,0
BRDA:174,24,0,0
BRDA:174,24,1,0
BRDA:175,25,0,0
BRDA:175,25,1,0
BRDA:175,25,2,0
BRDA:175,25,3,0
BRDA:204,26,0,0
BRDA:204,26,1,0
BRDA:204,27,0,0
BRDA:204,27,1,0
BRDA:225,28,0,0
BRDA:225,28,1,0
BRDA:225,28,2,0
BRDA:226,29,0,0
BRDA:226,29,1,0
BRDA:226,29,2,0
BRDA:227,30,0,0
BRDA:227,30,1,0
BRDA:227,30,2,0
BRDA:230,31,0,0
BRDA:230,31,1,0
BRDA:230,32,0,0
BRDA:230,32,1,0
BRDA:239,33,0,0
BRDA:239,33,1,0
BRDA:251,34,0,0
BRDA:251,34,1,0
BRDA:257,35,0,0
BRDA:257,35,1,0
BRDA:257,36,0,0
BRDA:257,36,1,0
BRDA:257,36,2,0
BRDA:314,37,0,0
BRDA:314,37,1,0
BRDA:339,38,0,0
BRDA:339,38,1,0
BRDA:339,38,2,0
BRDA:339,38,3,0
BRDA:341,39,0,0
BRDA:341,39,1,0
BRDA:341,40,0,0
BRDA:341,40,1,0
BRDA:347,41,0,0
BRDA:347,41,1,0
BRDA:367,42,0,0
BRDA:367,42,1,0
BRF:98
BRH:0
end_of_record
TN:
SF:backend/src/middleware/fileUpload.js
FN:67,(anonymous_0)
FN:79,(anonymous_1)
FN:100,(anonymous_2)
FN:125,(anonymous_3)
FN:160,(anonymous_4)
FN:170,(anonymous_5)
FN:177,(anonymous_6)
FN:213,(anonymous_7)
FN:217,(anonymous_8)
FN:218,(anonymous_9)
FN:315,(anonymous_10)
FN:318,(anonymous_11)
FN:320,(anonymous_12)
FNF:13
FNH:0
FNDA:0,(anonymous_0)
FNDA:0,(anonymous_1)
FNDA:0,(anonymous_2)
FNDA:0,(anonymous_3)
FNDA:0,(anonymous_4)
FNDA:0,(anonymous_5)
FNDA:0,(anonymous_6)
FNDA:0,(anonymous_7)
FNDA:0,(anonymous_8)
FNDA:0,(anonymous_9)
FNDA:0,(anonymous_10)
FNDA:0,(anonymous_11)
FNDA:0,(anonymous_12)
DA:6,0
DA:7,0
DA:8,0
DA:9,0
DA:10,0
DA:11,0
DA:14,0
DA:52,0
DA:67,0
DA:68,0
DA:69,0
DA:70,0
DA:71,0
DA:75,0
DA:79,0
DA:80,0
DA:82,0
DA:83,0
DA:86,0
DA:87,0
DA:88,0
DA:91,0
DA:92,0
DA:93,0
DA:96,0
DA:100,0
DA:101,0
DA:102,0
DA:103,0
DA:105,0
DA:106,0
DA:107,0
DA:112,0
DA:115,0
DA:118,0
DA:120,0
DA:125,0
DA:126,0
DA:128,0
DA:129,0
DA:132,0
DA:133,0
DA:135,0
DA:137,0
DA:141,0
DA:142,0
DA:145,0
DA:146,0
DA:149,0
DA:152,0
DA:154,0
DA:159,0
DA:161,0
DA:163,0
DA:164,0
DA:165,0
DA:167,0
DA:171,0
DA:172,0
DA:177,0
DA:178,0
DA:180,0
DA:181,0
DA:185,0
DA:186,0
DA:187,0
DA:191,0
DA:193,0
DA:195,0
DA:200,0
DA:213,0
DA:214,0
DA:215,0
DA:217,0
DA:218,0
DA:219,0
DA:221,0
DA:223,0
DA:224,0
DA:226,0
DA:227,0
DA:229,0
DA:230,0
DA:232,0
DA:233,0
DA:235,0
DA:236,0
DA:238,0
DA:241,0
DA:244,0
DA:248,0
DA:249,0
DA:252,0
DA:253,0
DA:256,0
DA:257,0
DA:260,0
DA:263,0
DA:266,0
DA:269,0
DA:270,0
DA:271,0
DA:274,0
DA:277,0
DA:278,0
DA:282,0
DA:288,0
DA:291,0
DA:294,0
DA:296,0
DA:297,0
DA:298,0
DA:300,0
DA:304,0
DA:305,0
DA:315,0
DA:316,0
DA:318,0
DA:320,0
DA:321,0
DA:323,0
DA:324,0
DA:325,0
DA:326,0
DA:328,0
DA:334,0
DA:337,0
DA:340,0
LF:128
LH:0
BRDA:82,0,0,0
BRDA:82,0,1,0
BRDA:87,1,0,0
BRDA:87,1,1,0
BRDA:91,2,0,0
BRDA:91,2,1,0
BRDA:106,3,0,0
BRDA:106,3,1,0
BRDA:112,4,0,0
BRDA:112,4,1,0
BRDA:112,5,0,0
BRDA:112,5,1,0
BRDA:112,5,2,0
BRDA:128,6,0,0
BRDA:128,6,1,0
BRDA:141,7,0,0
BRDA:141,7,1,0
BRDA:180,8,0,0
BRDA:180,8,1,0
BRDA:186,9,0,0
BRDA:186,9,1,0
BRDA:213,10,0,0
BRDA:214,11,0,0
BRDA:214,11,1,0
BRDA:215,12,0,0
BRDA:215,12,1,0
BRDA:219,13,0,0
BRDA:219,13,1,0
BRDA:223,14,0,0
BRDA:223,14,1,0
BRDA:224,15,0,0
BRDA:224,15,1,0
BRDA:224,15,2,0
BRDA:224,15,3,0
BRDA:224,15,4,0
BRDA:248,16,0,0
BRDA:248,16,1,0
BRDA:248,17,0,0
BRDA:248,17,1,0
BRDA:253,18,0,0
BRDA:253,18,1,0
BRDA:269,19,0,0
BRDA:269,19,1,0
BRDA:294,20,0,0
BRDA:294,20,1,0
BRDA:321,21,0,0
BRDA:321,21,1,0
BRDA:324,22,0,0
BRDA:324,22,1,0
BRDA:324,23,0,0
BRDA:324,23,1,0
BRF:51
BRH:0
end_of_record
TN:
SF:backend/src/middleware/rateLimiting.js
FN:12,(anonymous_0)
FN:13,(anonymous_1)
FN:53,shouldSkipRateLimit
FN:80,(anonymous_3)
FN:94,addRateLimitHeaders
FN:119,handleRateLimitExceeded
FN:164,logSecurityThreat
FN:277,(anonymous_7)
FN:287,(anonymous_8)
FN:322,detectSuspiciousActivity
FN:370,(anonymous_10)
FNF:11
FNH:0
FNDA:0,(anonymous_0)
FNDA:0,(anonymous_1)
FNDA:0,shouldSkipRateLimit
FNDA:0,(anonymous_3)
FNDA:0,addRateLimitHeaders
FNDA:0,handleRateLimitExceeded
FNDA:0,logSecurityThreat
FNDA:0,(anonymous_7)
FNDA:0,(anonymous_8)
FNDA:0,detectSuspiciousActivity
FNDA:0,(anonymous_10)
DA:6,0
DA:7,0
DA:12,0
DA:13,0
DA:14,0
DA:16,0
DA:17,0
DA:21,0
DA:24,0
DA:26,0
DA:28,0
DA:31,0
DA:35,0
DA:38,0
DA:39,0
DA:45,0
DA:54,0
DA:55,0
DA:58,0
DA:63,0
DA:64,0
DA:68,0
DA:69,0
DA:73,0
DA:74,0
DA:80,0
DA:81,0
DA:84,0
DA:86,0
DA:87,0
DA:96,0
DA:103,0
DA:104,0
DA:107,0
DA:108,0
DA:111,0
DA:112,0
DA:120,0
DA:121,0
DA:124,0
DA:125,0
DA:136,0
DA:146,0
DA:147,0
DA:148,0
DA:149,0
DA:150,0
DA:151,0
DA:152,0
DA:154,0
DA:158,0
DA:165,0
DA:166,0
DA:177,0
DA:184,0
DA:277,0
DA:278,0
DA:279,0
DA:281,0
DA:287,0
DA:288,0
DA:289,0
DA:292,0
DA:294,0
DA:296,0
DA:297,0
DA:299,0
DA:300,0
DA:303,0
DA:308,0
DA:311,0
DA:314,0
DA:315,0
DA:323,0
DA:324,0
DA:325,0
DA:328,0
DA:334,0
DA:335,0
DA:338,0
DA:344,0
DA:347,0
DA:349,0
DA:350,0
DA:351,0
DA:352,0
DA:355,0
DA:362,0
DA:363,0
DA:370,0
DA:371,0
DA:372,0
DA:374,0
DA:377,0
LF:94
LH:0
BRDA:12,0,0,0
BRDA:16,1,0,0
BRDA:16,1,1,0
BRDA:26,2,0,0
BRDA:26,2,1,0
BRDA:38,3,0,0
BRDA:38,3,1,0
BRDA:63,4,0,0
BRDA:63,4,1,0
BRDA:68,5,0,0
BRDA:68,5,1,0
BRDA:68,6,0,0
BRDA:68,6,1,0
BRDA:73,7,0,0
BRDA:73,7,1,0
BRDA:80,8,0,0
BRDA:80,8,1,0
BRDA:97,9,0,0
BRDA:97,9,1,0
BRDA:98,10,0,0
BRDA:98,10,1,0
BRDA:98,11,0,0
BRDA:98,11,1,0
BRDA:99,12,0,0
BRDA:99,12,1,0
BRDA:103,13,0,0
BRDA:103,13,1,0
BRDA:107,14,0,0
BRDA:107,14,1,0
BRDA:111,15,0,0
BRDA:111,15,1,0
BRDA:124,16,0,0
BRDA:124,16,1,0
BRDA:146,17,0,0
BRDA:146,17,1,0
BRDA:149,18,0,0
BRDA:149,18,1,0
BRDA:151,19,0,0
BRDA:151,19,1,0
BRDA:279,20,0,0
BRDA:279,20,1,0
BRDA:294,21,0,0
BRDA:294,21,1,0
BRDA:297,22,0,0
BRDA:297,22,1,0
BRDA:300,23,0,0
BRDA:300,23,1,0
BRDA:305,24,0,0
BRDA:305,24,1,0
BRDA:344,25,0,0
BRDA:344,25,1,0
BRDA:349,26,0,0
BRDA:349,26,1,0
BRDA:349,27,0,0
BRDA:349,27,1,0
BRDA:351,28,0,0
BRDA:351,28,1,0
BRDA:351,29,0,0
BRDA:351,29,1,0
BRDA:371,30,0,0
BRDA:371,30,1,0
BRF:61
BRH:0
end_of_record
TN:
SF:backend/src/middleware/security.js
FN:28,(anonymous_0)
FN:47,(anonymous_1)
FN:50,(anonymous_2)
FN:153,(anonymous_3)
FN:161,(anonymous_4)
FN:174,(anonymous_5)
FN:181,(anonymous_6)
FN:196,(anonymous_7)
FN:213,(anonymous_8)
FN:234,(anonymous_9)
FNF:10
FNH:0
FNDA:0,(anonymous_0)
FNDA:0,(anonymous_1)
FNDA:0,(anonymous_2)
FNDA:0,(anonymous_3)
FNDA:0,(anonymous_4)
FNDA:0,(anonymous_5)
FNDA:0,(anonymous_6)
FNDA:0,(anonymous_7)
FNDA:0,(anonymous_8)
FNDA:0,(anonymous_9)
DA:6,0
DA:7,0
DA:8,0
DA:9,0
DA:10,0
DA:11,0
DA:17,0
DA:24,0
DA:27,0
DA:30,0
DA:31,0
DA:39,0
DA:40,0
DA:41,0
DA:43,0
DA:47,0
DA:49,0
DA:50,0
DA:54,0
DA:72,0
DA:75,0
DA:77,0
DA:78,0
DA:81,0
DA:82,0
DA:83,0
DA:85,0
DA:87,0
DA:88,0
DA:89,0
DA:107,0
DA:127,0
DA:150,0
DA:153,0
DA:161,0
DA:163,0
DA:164,0
DA:165,0
DA:166,0
DA:168,0
DA:170,0
DA:174,0
DA:176,0
DA:177,0
DA:180,0
DA:181,0
DA:183,0
DA:184,0
DA:185,0
DA:187,0
DA:188,0
DA:192,0
DA:196,0
DA:198,0
DA:208,0
DA:209,0
DA:210,0
DA:211,0
DA:213,0
DA:214,0
DA:220,0
DA:221,0
DA:230,0
DA:234,0
DA:236,0
DA:239,0
DA:242,0
DA:245,0
DA:248,0
DA:251,0
DA:254,0
DA:257,0
DA:260,0
DA:265,0
DA:268,0
DA:271,0
DA:274,0
DA:277,0
DA:280,0
DA:283,0
DA:286,0
DA:287,0
DA:288,0
DA:289,0
DA:290,0
DA:293,0
DA:310,0
DA:311,0
DA:312,0
DA:313,0
DA:314,0
DA:315,0
DA:316,0
DA:319,0
LF:94
LH:0
BRDA:30,0,0,0
BRDA:30,0,1,0
BRDA:34,1,0,0
BRDA:34,1,1,0
BRDA:39,2,0,0
BRDA:39,2,1,0
BRDA:40,3,0,0
BRDA:40,3,1,0
BRDA:49,4,0,0
BRDA:49,4,1,0
BRDA:54,5,0,0
BRDA:54,5,1,0
BRDA:77,6,0,0
BRDA:77,6,1,0
BRDA:81,7,0,0
BRDA:81,7,1,0
BRDA:82,8,0,0
BRDA:82,8,1,0
BRDA:163,9,0,0
BRDA:163,9,1,0
BRDA:165,10,0,0
BRDA:165,10,1,0
BRDA:176,11,0,0
BRDA:176,11,1,0
BRDA:183,12,0,0
BRDA:183,12,1,0
BRDA:184,13,0,0
BRDA:184,13,1,0
BRDA:185,14,0,0
BRDA:185,14,1,0
BRDA:187,15,0,0
BRDA:187,15,1,0
BRDA:187,16,0,0
BRDA:187,16,1,0
BRDA:208,17,0,0
BRDA:208,17,1,0
BRDA:209,18,0,0
BRDA:209,18,1,0
BRDA:210,19,0,0
BRDA:210,19,1,0
BRDA:211,20,0,0
BRDA:211,20,1,0
BRDA:214,21,0,0
BRDA:214,21,1,0
BRDA:214,21,2,0
BRDA:214,21,3,0
BRDA:220,22,0,0
BRDA:220,22,1,0
BRDA:289,23,0,0
BRDA:289,23,1,0
BRF:50
BRH:0
end_of_record
TN:
SF:backend/src/middleware/securityMonitoring.js
FN:155,(anonymous_0)
FN:186,(anonymous_1)
FN:188,(anonymous_2)
FN:189,(anonymous_3)
FN:279,(anonymous_4)
FN:291,(anonymous_5)
FN:370,(anonymous_6)
FN:393,(anonymous_7)
FN:403,(anonymous_8)
FN:415,(anonymous_9)
FN:427,(anonymous_10)
FN:446,(anonymous_11)
FN:451,(anonymous_12)
FNF:13
FNH:0
FNDA:0,(anonymous_0)
FNDA:0,(anonymous_1)
FNDA:0,(anonymous_2)
FNDA:0,(anonymous_3)
FNDA:0,(anonymous_4)
FNDA:0,(anonymous_5)
FNDA:0,(anonymous_6)
FNDA:0,(anonymous_7)
FNDA:0,(anonymous_8)
FNDA:0,(anonymous_9)
FNDA:0,(anonymous_10)
FNDA:0,(anonymous_11)
FNDA:0,(anonymous_12)
DA:6,0
DA:7,0
DA:8,0
DA:9,0
DA:12,0
DA:34,0
DA:35,0
DA:36,0
DA:39,0
DA:147,0
DA:148,0
DA:155,0
DA:156,0
DA:157,0
DA:158,0
DA:159,0
DA:160,0
DA:161,0
DA:162,0
DA:165,0
DA:171,0
DA:172,0
DA:173,0
DA:176,0
DA:186,0
DA:187,0
DA:188,0
DA:189,0
DA:190,0
DA:191,0
DA:192,0
DA:200,0
DA:201,0
DA:202,0
DA:203,0
DA:212,0
DA:213,0
DA:214,0
DA:216,0
DA:217,0
DA:218,0
DA:224,0
DA:225,0
DA:230,0
DA:239,0
DA:240,0
DA:254,0
DA:255,0
DA:256,0
DA:257,0
DA:258,0
DA:259,0
DA:262,0
DA:263,0
DA:264,0
DA:271,0
DA:277,0
DA:279,0
DA:280,0
DA:283,0
DA:285,0
DA:286,0
DA:291,0
DA:292,0
DA:293,0
DA:294,0
DA:297,0
DA:298,0
DA:299,0
DA:300,0
DA:302,0
DA:311,0
DA:312,0
DA:313,0
DA:314,0
DA:317,0
DA:320,0
DA:321,0
DA:329,0
DA:330,0
DA:338,0
DA:339,0
DA:340,0
DA:341,0
DA:349,0
DA:352,0
DA:355,0
DA:356,0
DA:370,0
DA:371,0
DA:373,0
DA:379,0
DA:381,0
DA:382,0
DA:387,0
DA:395,0
DA:396,0
DA:397,0
DA:398,0
DA:399,0
DA:401,0
DA:404,0
DA:415,0
DA:416,0
DA:427,0
DA:428,0
DA:429,0
DA:430,0
DA:431,0
DA:441,0
DA:442,0
DA:446,0
DA:447,0
DA:448,0
DA:451,0
DA:452,0
DA:453,0
DA:454,0
DA:458,0
DA:462,0
DA:463,0
DA:465,0
LF:122
LH:0
BRDA:79,0,0,0
BRDA:79,0,1,0
BRDA:93,1,0,0
BRDA:93,1,1,0
BRDA:157,2,0,0
BRDA:157,2,1,0
BRDA:158,3,0,0
BRDA:158,3,1,0
BRDA:159,4,0,0
BRDA:159,4,1,0
BRDA:160,5,0,0
BRDA:160,5,1,0
BRDA:180,6,0,0
BRDA:180,6,1,0
BRDA:181,7,0,0
BRDA:181,7,1,0
BRDA:182,8,0,0
BRDA:182,8,1,0
BRDA:187,9,0,0
BRDA:187,9,1,0
BRDA:190,10,0,0
BRDA:190,10,1,0
BRDA:200,11,0,0
BRDA:200,11,1,0
BRDA:202,12,0,0
BRDA:202,12,1,0
BRDA:202,13,0,0
BRDA:202,13,1,0
BRDA:213,14,0,0
BRDA:213,14,1,0
BRDA:216,15,0,0
BRDA:216,15,1,0
BRDA:224,16,0,0
BRDA:224,16,1,0
BRDA:239,17,0,0
BRDA:239,17,1,0
BRDA:255,18,0,0
BRDA:255,18,1,0
BRDA:258,19,0,0
BRDA:258,19,1,0
BRDA:262,20,0,0
BRDA:262,20,1,0
BRDA:263,21,0,0
BRDA:263,21,1,0
BRDA:263,22,0,0
BRDA:263,22,1,0
BRDA:277,23,0,0
BRDA:277,23,1,0
BRDA:293,24,0,0
BRDA:293,24,1,0
BRDA:293,25,0,0
BRDA:293,25,1,0
BRDA:299,26,0,0
BRDA:299,26,1,0
BRDA:302,27,0,0
BRDA:302,27,1,0
BRDA:320,28,0,0
BRDA:320,28,1,0
BRDA:329,29,0,0
BRDA:329,29,1,0
BRDA:340,30,0,0
BRDA:340,30,1,0
BRDA:355,31,0,0
BRDA:355,31,1,0
BRDA:371,32,0,0
BRDA:371,32,1,0
BRDA:395,33,0,0
BRDA:395,33,1,0
BRDA:408,34,0,0
BRDA:408,34,1,0
BRDA:429,35,0,0
BRDA:429,35,1,0
BRDA:429,36,0,0
BRDA:429,36,1,0
BRDA:453,37,0,0
BRDA:453,37,1,0
BRDA:453,38,0,0
BRDA:453,38,1,0
BRF:78
BRH:0
end_of_record
TN:
SF:backend/src/middleware/validation.js
FN:11,(anonymous_0)
FN:32,(anonymous_1)
FN:46,(anonymous_2)
FN:59,(anonymous_3)
FN:71,(anonymous_4)
FN:89,(anonymous_5)
FN:146,(anonymous_6)
FN:147,(anonymous_7)
FN:152,(anonymous_8)
FN:265,(anonymous_9)
FNF:10
FNH:0
FNDA:0,(anonymous_0)
FNDA:0,(anonymous_1)
FNDA:0,(anonymous_2)
FNDA:0,(anonymous_3)
FNDA:0,(anonymous_4)
FNDA:0,(anonymous_5)
FNDA:0,(anonymous_6)
FNDA:0,(anonymous_7)
FNDA:0,(anonymous_8)
FNDA:0,(anonymous_9)
DA:6,0
DA:7,0
DA:8,0
DA:11,0
DA:12,0
DA:15,0
DA:21,0
DA:24,0
DA:27,0
DA:29,0
DA:32,0
DA:33,0
DA:36,0
DA:39,0
DA:40,0
DA:43,0
DA:46,0
DA:47,0
DA:48,0
DA:52,0
DA:53,0
DA:56,0
DA:59,0
DA:60,0
DA:62,0
DA:64,0
DA:65,0
DA:68,0
DA:71,0
DA:72,0
DA:74,0
DA:75,0
DA:78,0
DA:79,0
DA:82,0
DA:83,0
DA:86,0
DA:89,0
DA:90,0
DA:92,0
DA:94,0
DA:100,0
DA:103,0
DA:107,0
DA:146,0
DA:147,0
DA:148,0
DA:149,0
DA:152,0
DA:153,0
DA:154,0
DA:157,0
DA:158,0
DA:159,0
DA:163,0
DA:164,0
DA:168,0
DA:169,0
DA:170,0
DA:173,0
DA:175,0
DA:177,0
DA:178,0
DA:179,0
DA:181,0
DA:184,0
DA:185,0
DA:188,0
DA:189,0
DA:192,0
DA:193,0
DA:196,0
DA:197,0
DA:200,0
DA:201,0
DA:203,0
DA:206,0
DA:207,0
DA:209,0
DA:212,0
DA:216,0
DA:219,0
DA:224,0
DA:225,0
DA:232,0
DA:235,0
DA:236,0
DA:244,0
DA:249,0
DA:254,0
DA:259,0
DA:266,0
DA:270,0
LF:93
LH:0
BRDA:12,0,0,0
BRDA:12,0,1,0
BRDA:33,1,0,0
BRDA:33,1,1,0
BRDA:33,2,0,0
BRDA:33,2,1,0
BRDA:39,3,0,0
BRDA:39,3,1,0
BRDA:47,4,0,0
BRDA:47,4,1,0
BRDA:47,5,0,0
BRDA:47,5,1,0
BRDA:52,6,0,0
BRDA:52,6,1,0
BRDA:60,7,0,0
BRDA:60,7,1,0
BRDA:60,8,0,0
BRDA:60,8,1,0
BRDA:64,9,0,0
BRDA:64,9,1,0
BRDA:71,10,0,0
BRDA:71,11,0,0
BRDA:74,12,0,0
BRDA:74,12,1,0
BRDA:78,13,0,0
BRDA:78,13,1,0
BRDA:78,14,0,0
BRDA:78,14,1,0
BRDA:82,15,0,0
BRDA:82,15,1,0
BRDA:82,16,0,0
BRDA:82,16,1,0
BRDA:90,17,0,0
BRDA:90,17,1,0
BRDA:90,18,0,0
BRDA:90,18,1,0
BRDA:94,19,0,0
BRDA:94,19,1,0
BRDA:157,20,0,0
BRDA:157,20,1,0
BRDA:157,21,0,0
BRDA:157,21,1,0
BRDA:157,21,2,0
BRDA:157,21,3,0
BRDA:163,22,0,0
BRDA:163,22,1,0
BRDA:163,23,0,0
BRDA:163,23,1,0
BRDA:163,23,2,0
BRDA:168,24,0,0
BRDA:168,24,1,0
BRDA:168,25,0,0
BRDA:168,25,1,0
BRDA:175,26,0,0
BRDA:175,26,1,0
BRDA:175,26,2,0
BRDA:175,26,3,0
BRDA:175,26,4,0
BRDA:175,26,5,0
BRDA:175,26,6,0
BRDA:175,26,7,0
BRDA:178,27,0,0
BRDA:178,27,1,0
BRDA:178,28,0,0
BRDA:178,28,1,0
BRDA:200,29,0,0
BRDA:200,29,1,0
BRDA:206,30,0,0
BRDA:206,30,1,0
BRDA:206,31,0,0
BRDA:206,31,1,0
BRDA:224,32,0,0
BRDA:224,32,1,0
BRF:73
BRH:0
end_of_record
TN:
SF:backend/src/routes/activity.js
FN:17,(anonymous_0)
FN:72,(anonymous_1)
FN:228,(anonymous_2)
FN:302,(anonymous_3)
FN:364,(anonymous_4)
FN:405,(anonymous_5)
FN:418,(anonymous_6)
FN:433,(anonymous_7)
FN:492,(anonymous_8)
FNF:9
FNH:0
FNDA:0,(anonymous_0)
FNDA:0,(anonymous_1)
FNDA:0,(anonymous_2)
FNDA:0,(anonymous_3)
FNDA:0,(anonymous_4)
FNDA:0,(anonymous_5)
FNDA:0,(anonymous_6)
FNDA:0,(anonymous_7)
FNDA:0,(anonymous_8)
DA:1,0
DA:2,0
DA:3,0
DA:4,0
DA:5,0
DA:8,0
DA:17,0
DA:18,0
DA:66,0
DA:72,0
DA:73,0
DA:74,0
DA:83,0
DA:85,0
DA:127,0
DA:128,0
DA:129,0
DA:132,0
DA:134,0
DA:135,0
DA:136,0
DA:137,0
DA:139,0
DA:158,0
DA:159,0
DA:162,0
DA:182,0
DA:183,0
DA:187,0
DA:188,0
DA:189,0
DA:190,0
DA:194,0
DA:195,0
DA:196,0
DA:197,0
DA:201,0
DA:202,0
DA:203,0
DA:204,0
DA:207,0
DA:208,0
DA:209,0
DA:210,0
DA:214,0
DA:215,0
DA:222,0
DA:225,0
DA:228,0
DA:239,0
DA:269,0
DA:270,0
DA:272,0
DA:291,0
DA:292,0
DA:302,0
DA:303,0
DA:304,0
DA:311,0
DA:314,0
DA:315,0
DA:319,0
DA:326,0
DA:338,0
DA:340,0
DA:353,0
DA:354,0
DA:364,0
DA:365,0
DA:366,0
DA:367,0
DA:369,0
DA:403,0
DA:405,0
DA:414,0
DA:418,0
DA:422,0
DA:423,0
DA:433,0
DA:434,0
DA:435,0
DA:436,0
DA:439,0
DA:485,0
DA:486,0
DA:487,0
DA:490,0
DA:492,0
DA:507,0
DA:514,0
DA:515,0
DA:522,0
LF:92
LH:0
BRDA:66,0,0,0
BRDA:66,0,1,0
BRDA:76,1,0,0
BRDA:79,2,0,0
BRDA:80,3,0,0
BRDA:132,4,0,0
BRDA:132,4,1,0
BRDA:137,5,0,0
BRDA:137,5,1,0
BRDA:187,6,0,0
BRDA:187,6,1,0
BRDA:194,7,0,0
BRDA:194,7,1,0
BRDA:201,8,0,0
BRDA:201,8,1,0
BRDA:207,9,0,0
BRDA:207,9,1,0
BRDA:214,10,0,0
BRDA:214,10,1,0
BRDA:233,11,0,0
BRDA:233,11,1,0
BRDA:282,12,0,0
BRDA:282,12,1,0
BRDA:283,13,0,0
BRDA:283,13,1,0
BRDA:284,14,0,0
BRDA:284,14,1,0
BRDA:285,15,0,0
BRDA:285,15,1,0
BRDA:286,16,0,0
BRDA:286,16,1,0
BRDA:294,17,0,0
BRDA:294,17,1,0
BRDA:310,18,0,0
BRDA:314,19,0,0
BRDA:314,19,1,0
BRDA:330,20,0,0
BRDA:330,20,1,0
BRDA:331,21,0,0
BRDA:331,21,1,0
BRDA:332,22,0,0
BRDA:332,22,1,0
BRDA:356,23,0,0
BRDA:356,23,1,0
BRDA:367,24,0,0
BRDA:410,25,0,0
BRDA:410,25,1,0
BRDA:411,26,0,0
BRDA:411,26,1,0
BRDA:425,27,0,0
BRDA:425,27,1,0
BRDA:480,28,0,0
BRDA:480,28,1,0
BRDA:486,29,0,0
BRDA:486,29,1,0
BRDA:497,30,0,0
BRDA:497,30,1,0
BRDA:517,31,0,0
BRDA:517,31,1,0
BRF:59
BRH:0
end_of_record
TN:
SF:backend/src/routes/admin.js
FN:20,(anonymous_0)
FN:66,(anonymous_1)
FN:74,(anonymous_2)
FNF:3
FNH:0
FNDA:0,(anonymous_0)
FNDA:0,(anonymous_1)
FNDA:0,(anonymous_2)
DA:1,0
DA:2,0
DA:3,0
DA:4,0
DA:5,0
DA:6,0
DA:7,0
DA:8,0
DA:11,0
DA:20,0
DA:21,0
DA:22,0
DA:24,0
DA:25,0
DA:29,0
DA:31,0
DA:32,0
DA:33,0
DA:37,0
DA:38,0
DA:40,0
DA:41,0
DA:42,0
DA:43,0
DA:47,0
DA:50,0
DA:52,0
DA:53,0
DA:56,0
DA:57,0
DA:60,0
DA:61,0
DA:66,0
DA:67,0
DA:68,0
DA:70,0
DA:74,0
DA:75,0
DA:76,0
DA:78,0
DA:79,0
DA:82,0
DA:83,0
DA:87,0
DA:89,0
DA:90,0
DA:93,0
DA:94,0
DA:97,0
DA:102,0
DA:104,0
DA:117,0
DA:118,0
DA:126,0
DA:129,0
DA:131,0
LF:56
LH:0
BRDA:24,0,0,0
BRDA:24,0,1,0
BRDA:24,1,0,0
BRDA:24,1,1,0
BRDA:31,2,0,0
BRDA:31,2,1,0
BRDA:40,3,0,0
BRDA:40,3,1,0
BRDA:50,4,0,0
BRDA:50,4,1,0
BRDA:67,5,0,0
BRDA:67,5,1,0
BRDA:78,6,0,0
BRDA:78,6,1,0
BRDA:78,7,0,0
BRDA:78,7,1,0
BRDA:82,8,0,0
BRDA:82,8,1,0
BRDA:89,9,0,0
BRDA:89,9,1,0
BRDA:120,10,0,0
BRDA:120,10,1,0
BRF:22
BRH:0
end_of_record
TN:
SF:backend/src/routes/ai.js
FN:12,(anonymous_0)
FN:61,(anonymous_1)
FN:101,(anonymous_2)
FN:141,(anonymous_3)
FN:184,(anonymous_4)
FNF:5
FNH:0
FNDA:0,(anonymous_0)
FNDA:0,(anonymous_1)
FNDA:0,(anonymous_2)
FNDA:0,(anonymous_3)
FNDA:0,(anonymous_4)
DA:1,0
DA:2,0
DA:3,0
DA:4,0
DA:6,0
DA:12,0
DA:13,0
DA:14,0
DA:16,0
DA:17,0
DA:21,0
DA:26,0
DA:27,0
DA:30,0
DA:33,0
DA:38,0
DA:40,0
DA:41,0
DA:45,0
DA:50,0
DA:52,0
DA:53,0
DA:61,0
DA:62,0
DA:63,0
DA:65,0
DA:66,0
DA:70,0
DA:75,0
DA:76,0
DA:79,0
DA:82,0
DA:88,0
DA:90,0
DA:92,0
DA:93,0
DA:101,0
DA:102,0
DA:104,0
DA:114,0
DA:122,0
DA:128,0
DA:130,0
DA:132,0
DA:133,0
DA:141,0
DA:142,0
DA:144,0
DA:149,0
DA:155,0
DA:163,0
DA:171,0
DA:173,0
DA:175,0
DA:176,0
DA:184,0
DA:185,0
DA:186,0
DA:188,0
DA:189,0
DA:192,0
DA:194,0
DA:196,0
DA:197,0
DA:201,0
LF:65
LH:0
BRDA:16,0,0,0
BRDA:16,0,1,0
BRDA:26,1,0,0
BRDA:26,1,1,0
BRDA:40,2,0,0
BRDA:40,2,1,0
BRDA:47,3,0,0
BRDA:47,3,1,0
BRDA:65,4,0,0
BRDA:65,4,1,0
BRDA:75,5,0,0
BRDA:75,5,1,0
BRDA:166,6,0,0
BRDA:166,6,1,0
BRDA:188,7,0,0
BRDA:188,7,1,0
BRDA:192,8,0,0
BRDA:192,8,1,0
BRF:18
BRH:0
end_of_record
TN:
SF:backend/src/routes/analytics.js
FN:7,(anonymous_0)
FN:64,(anonymous_1)
FN:83,(anonymous_2)
FNF:3
FNH:0
FNDA:0,(anonymous_0)
FNDA:0,(anonymous_1)
FNDA:0,(anonymous_2)
DA:1,0
DA:2,0
DA:3,0
DA:4,0
DA:7,0
DA:8,0
DA:9,0
DA:12,0
DA:13,0
DA:16,0
DA:20,0
DA:22,0
DA:26,0
DA:28,0
DA:35,0
DA:37,0
DA:44,0
DA:45,0
DA:48,0
DA:59,0
DA:60,0
DA:61,0
DA:62,0
DA:63,0
DA:64,0
DA:65,0
DA:66,0
DA:68,0
DA:75,0
DA:82,0
DA:83,0
DA:84,0
DA:88,0
DA:99,0
DA:101,0
DA:112,0
DA:124,0
DA:144,0
DA:146,0
DA:158,0
DA:160,0
DA:161,0
DA:167,0
DA:174,0
LF:44
LH:0
BRDA:13,0,0,0
BRDA:13,0,1,0
BRDA:70,1,0,0
BRDA:70,1,1,0
BRDA:84,2,0,0
BRDA:84,2,1,0
BRDA:99,3,0,0
BRDA:99,3,1,0
BRDA:144,4,0,0
BRDA:144,4,1,0
BRDA:169,5,0,0
BRDA:169,5,1,0
BRF:12
BRH:0
end_of_record
TN:
SF:backend/src/routes/auth.js
FN:34,(anonymous_0)
FN:102,(anonymous_1)
FN:161,(anonymous_2)
FNF:3
FNH:0
FNDA:0,(anonymous_0)
FNDA:0,(anonymous_1)
FNDA:0,(anonymous_2)
DA:1,0
DA:2,0
DA:3,0
DA:4,0
DA:5,0
DA:6,0
DA:12,0
DA:13,0
DA:16,0
DA:25,0
DA:34,0
DA:35,0
DA:36,0
DA:38,0
DA:39,0
DA:43,0
DA:44,0
DA:50,0
DA:51,0
DA:53,0
DA:57,0
DA:60,0
DA:65,0
DA:68,0
DA:76,0
DA:77,0
DA:85,0
DA:96,0
DA:97,0
DA:102,0
DA:103,0
DA:104,0
DA:106,0
DA:107,0
DA:111,0
DA:113,0
DA:114,0
DA:117,0
DA:120,0
DA:121,0
DA:123,0
DA:127,0
DA:135,0
DA:136,0
DA:144,0
DA:155,0
DA:156,0
DA:161,0
DA:162,0
DA:163,0
DA:166,0
DA:171,0
DA:172,0
DA:175,0
DA:177,0
DA:188,0
DA:189,0
DA:194,0
DA:197,0
DA:200,0
DA:202,0
LF:61
LH:0
BRDA:38,0,0,0
BRDA:38,0,1,0
BRDA:38,1,0,0
BRDA:38,1,1,0
BRDA:43,2,0,0
BRDA:43,2,1,0
BRDA:51,3,0,0
BRDA:51,3,1,0
BRDA:62,4,0,0
BRDA:62,4,1,0
BRDA:80,5,0,0
BRDA:80,5,1,0
BRDA:82,6,0,0
BRDA:82,6,1,0
BRDA:91,7,0,0
BRDA:91,7,1,0
BRDA:106,8,0,0
BRDA:106,8,1,0
BRDA:106,9,0,0
BRDA:106,9,1,0
BRDA:113,10,0,0
BRDA:113,10,1,0
BRDA:121,11,0,0
BRDA:121,11,1,0
BRDA:139,12,0,0
BRDA:139,12,1,0
BRDA:141,13,0,0
BRDA:141,13,1,0
BRDA:150,14,0,0
BRDA:150,14,1,0
BRDA:171,15,0,0
BRDA:171,15,1,0
BRDA:183,16,0,0
BRDA:183,16,1,0
BRF:34
BRH:0
end_of_record
TN:
SF:backend/src/routes/automation.js
FN:17,(anonymous_0)
FN:81,(anonymous_1)
FN:105,(anonymous_2)
FN:168,(anonymous_3)
FN:194,(anonymous_4)
FNF:5
FNH:0
FNDA:0,(anonymous_0)
FNDA:0,(anonymous_1)
FNDA:0,(anonymous_2)
FNDA:0,(anonymous_3)
FNDA:0,(anonymous_4)
DA:1,0
DA:2,0
DA:3,0
DA:4,0
DA:5,0
DA:8,0
DA:17,0
DA:18,0
DA:19,0
DA:20,0
DA:22,0
DA:23,0
DA:27,0
DA:36,0
DA:37,0
DA:41,0
DA:50,0
DA:51,0
DA:55,0
DA:62,0
DA:69,0
DA:72,0
DA:73,0
DA:76,0
DA:81,0
DA:82,0
DA:83,0
DA:85,0
DA:93,0
DA:99,0
DA:100,0
DA:105,0
DA:106,0
DA:107,0
DA:108,0
DA:109,0
DA:112,0
DA:117,0
DA:118,0
DA:122,0
DA:123,0
DA:124,0
DA:126,0
DA:127,0
DA:128,0
DA:129,0
DA:132,0
DA:133,0
DA:134,0
DA:135,0
DA:138,0
DA:139,0
DA:140,0
DA:141,0
DA:144,0
DA:145,0
DA:146,0
DA:147,0
DA:150,0
DA:151,0
DA:153,0
DA:155,0
DA:162,0
DA:163,0
DA:168,0
DA:169,0
DA:170,0
DA:171,0
DA:173,0
DA:178,0
DA:179,0
DA:182,0
DA:188,0
DA:189,0
DA:194,0
DA:195,0
DA:196,0
DA:197,0
DA:200,0
DA:205,0
DA:206,0
DA:209,0
DA:212,0
DA:213,0
DA:216,0
DA:222,0
DA:234,0
DA:235,0
DA:239,0
LF:89
LH:0
BRDA:20,0,0,0
BRDA:22,1,0,0
BRDA:22,1,1,0
BRDA:22,2,0,0
BRDA:22,2,1,0
BRDA:22,2,2,0
BRDA:36,3,0,0
BRDA:36,3,1,0
BRDA:50,4,0,0
BRDA:50,4,1,0
BRDA:72,5,0,0
BRDA:72,5,1,0
BRDA:117,6,0,0
BRDA:117,6,1,0
BRDA:126,7,0,0
BRDA:126,7,1,0
BRDA:132,8,0,0
BRDA:132,8,1,0
BRDA:138,9,0,0
BRDA:138,9,1,0
BRDA:144,10,0,0
BRDA:144,10,1,0
BRDA:178,11,0,0
BRDA:178,11,1,0
BRDA:205,12,0,0
BRDA:205,12,1,0
BRF:26
BRH:0
end_of_record
TN:
SF:backend/src/routes/billing.js
FN:7,(anonymous_0)
FN:12,(anonymous_1)
FN:36,(anonymous_2)
FN:52,(anonymous_3)
FN:77,(anonymous_4)
FN:138,(anonymous_5)
FN:171,(anonymous_6)
FN:201,(anonymous_7)
FN:280,(anonymous_8)
FNF:9
FNH:0
FNDA:0,(anonymous_0)
FNDA:0,(anonymous_1)
FNDA:0,(anonymous_2)
FNDA:0,(anonymous_3)
FNDA:0,(anonymous_4)
FNDA:0,(anonymous_5)
FNDA:0,(anonymous_6)
FNDA:0,(anonymous_7)
FNDA:0,(anonymous_8)
DA:1,0
DA:2,0
DA:3,0
DA:4,0
DA:7,0
DA:8,0
DA:9,0
DA:12,0
DA:22,0
DA:27,0
DA:28,0
DA:36,0
DA:37,0
DA:38,0
DA:40,0
DA:41,0
DA:51,0
DA:52,0
DA:53,0
DA:56,0
DA:68,0
DA:69,0
DA:77,0
DA:78,0
DA:79,0
DA:80,0
DA:82,0
DA:83,0
DA:89,0
DA:90,0
DA:91,0
DA:98,0
DA:99,0
DA:100,0
DA:105,0
DA:108,0
DA:115,0
DA:118,0
DA:123,0
DA:129,0
DA:130,0
DA:138,0
DA:139,0
DA:140,0
DA:142,0
DA:143,0
DA:149,0
DA:152,0
DA:157,0
DA:162,0
DA:163,0
DA:171,0
DA:172,0
DA:173,0
DA:175,0
DA:176,0
DA:182,0
DA:187,0
DA:192,0
DA:193,0
DA:201,0
DA:202,0
DA:203,0
DA:206,0
DA:212,0
DA:218,0
DA:225,0
DA:226,0
DA:234,0
DA:261,0
DA:271,0
DA:272,0
DA:280,0
DA:281,0
DA:282,0
DA:284,0
DA:285,0
DA:287,0
DA:289,0
DA:292,0
DA:293,0
DA:297,0
DA:301,0
DA:302,0
DA:306,0
DA:310,0
DA:311,0
DA:315,0
DA:318,0
DA:321,0
DA:323,0
DA:324,0
DA:331,0
LF:93
LH:0
BRDA:16,0,0,0
BRDA:16,0,1,0
BRDA:40,1,0,0
BRDA:40,1,1,0
BRDA:40,2,0,0
BRDA:40,2,1,0
BRDA:60,3,0,0
BRDA:60,3,1,0
BRDA:64,4,0,0
BRDA:64,4,1,0
BRDA:82,5,0,0
BRDA:82,5,1,0
BRDA:82,6,0,0
BRDA:82,6,1,0
BRDA:90,7,0,0
BRDA:90,7,1,0
BRDA:99,8,0,0
BRDA:99,8,1,0
BRDA:142,9,0,0
BRDA:142,9,1,0
BRDA:175,10,0,0
BRDA:175,10,1,0
BRDA:184,11,0,0
BRDA:184,11,1,0
BRDA:225,12,0,0
BRDA:225,12,1,0
BRDA:238,13,0,0
BRDA:238,13,1,0
BRDA:244,14,0,0
BRDA:244,14,1,0
BRDA:250,15,0,0
BRDA:250,15,1,0
BRDA:256,16,0,0
BRDA:256,16,1,0
BRDA:265,17,0,0
BRDA:265,17,1,0
BRDA:289,18,0,0
BRDA:289,18,1,0
BRDA:289,18,2,0
BRDA:289,18,3,0
BRF:40
BRH:0
end_of_record
TN:
SF:backend/src/routes/collaborations.js
FN:17,(anonymous_0)
FN:32,(anonymous_1)
FN:172,(anonymous_2)
FN:317,(anonymous_3)
FN:416,(anonymous_4)
FN:477,(anonymous_5)
FNF:6
FNH:0
FNDA:0,(anonymous_0)
FNDA:0,(anonymous_1)
FNDA:0,(anonymous_2)
FNDA:0,(anonymous_3)
FNDA:0,(anonymous_4)
FNDA:0,(anonymous_5)
DA:1,0
DA:2,0
DA:3,0
DA:4,0
DA:5,0
DA:8,0
DA:17,0
DA:18,0
DA:19,0
DA:25,0
DA:32,0
DA:33,0
DA:34,0
DA:35,0
DA:38,0
DA:60,0
DA:81,0
DA:82,0
DA:85,0
DA:86,0
DA:87,0
DA:90,0
DA:91,0
DA:92,0
DA:96,0
DA:97,0
DA:98,0
DA:99,0
DA:103,0
DA:108,0
DA:113,0
DA:115,0
DA:116,0
DA:117,0
DA:118,0
DA:119,0
DA:120,0
DA:124,0
DA:125,0
DA:126,0
DA:127,0
DA:131,0
DA:143,0
DA:144,0
DA:146,0
DA:161,0
DA:162,0
DA:172,0
DA:173,0
DA:174,0
DA:182,0
DA:185,0
DA:186,0
DA:189,0
DA:190,0
DA:193,0
DA:194,0
DA:198,0
DA:199,0
DA:203,0
DA:204,0
DA:205,0
DA:207,0
DA:210,0
DA:211,0
DA:215,0
DA:216,0
DA:220,0
DA:221,0
DA:225,0
DA:226,0
DA:231,0
DA:237,0
DA:239,0
DA:240,0
DA:244,0
DA:250,0
DA:253,0
DA:260,0
DA:269,0
DA:272,0
DA:281,0
DA:288,0
DA:306,0
DA:307,0
DA:317,0
DA:318,0
DA:319,0
DA:320,0
DA:321,0
DA:324,0
DA:325,0
DA:326,0
DA:330,0
DA:334,0
DA:336,0
DA:337,0
DA:340,0
DA:343,0
DA:344,0
DA:345,0
DA:347,0
DA:348,0
DA:349,0
DA:350,0
DA:353,0
DA:354,0
DA:355,0
DA:356,0
DA:359,0
DA:360,0
DA:361,0
DA:362,0
DA:365,0
DA:366,0
DA:368,0
DA:369,0
DA:372,0
DA:373,0
DA:380,0
DA:381,0
DA:384,0
DA:390,0
DA:391,0
DA:398,0
DA:405,0
DA:406,0
DA:416,0
DA:417,0
DA:418,0
DA:419,0
DA:422,0
DA:423,0
DA:424,0
DA:428,0
DA:432,0
DA:434,0
DA:435,0
DA:438,0
DA:441,0
DA:447,0
DA:453,0
DA:454,0
DA:460,0
DA:466,0
DA:467,0
DA:477,0
DA:478,0
DA:479,0
DA:480,0
DA:483,0
DA:484,0
DA:485,0
DA:489,0
DA:508,0
DA:510,0
DA:511,0
DA:514,0
DA:517,0
DA:528,0
DA:530,0
DA:540,0
DA:541,0
DA:548,0
LF:164
LH:0
BRDA:17,0,0,0
BRDA:35,1,0,0
BRDA:85,2,0,0
BRDA:85,2,1,0
BRDA:85,3,0,0
BRDA:85,3,1,0
BRDA:90,4,0,0
BRDA:90,4,1,0
BRDA:90,5,0,0
BRDA:90,5,1,0
BRDA:96,6,0,0
BRDA:96,6,1,0
BRDA:115,7,0,0
BRDA:115,7,1,0
BRDA:118,8,0,0
BRDA:118,8,1,0
BRDA:150,9,0,0
BRDA:150,9,1,0
BRDA:151,10,0,0
BRDA:151,10,1,0
BRDA:152,11,0,0
BRDA:152,11,1,0
BRDA:153,12,0,0
BRDA:153,12,1,0
BRDA:154,13,0,0
BRDA:154,13,1,0
BRDA:155,14,0,0
BRDA:155,14,1,0
BRDA:156,15,0,0
BRDA:156,15,1,0
BRDA:156,16,0,0
BRDA:156,16,1,0
BRDA:164,17,0,0
BRDA:164,17,1,0
BRDA:179,18,0,0
BRDA:185,19,0,0
BRDA:185,19,1,0
BRDA:189,20,0,0
BRDA:189,20,1,0
BRDA:193,21,0,0
BRDA:193,21,1,0
BRDA:193,22,0,0
BRDA:193,22,1,0
BRDA:198,23,0,0
BRDA:198,23,1,0
BRDA:204,24,0,0
BRDA:204,24,1,0
BRDA:210,25,0,0
BRDA:210,25,1,0
BRDA:215,26,0,0
BRDA:215,26,1,0
BRDA:220,27,0,0
BRDA:220,27,1,0
BRDA:225,28,0,0
BRDA:225,28,1,0
BRDA:239,29,0,0
BRDA:239,29,1,0
BRDA:250,30,0,0
BRDA:250,30,1,0
BRDA:263,31,0,0
BRDA:263,31,1,0
BRDA:264,32,0,0
BRDA:264,32,1,0
BRDA:309,33,0,0
BRDA:309,33,1,0
BRDA:325,34,0,0
BRDA:325,34,1,0
BRDA:336,35,0,0
BRDA:336,35,1,0
BRDA:347,36,0,0
BRDA:347,36,1,0
BRDA:347,37,0,0
BRDA:347,37,1,0
BRDA:353,38,0,0
BRDA:353,38,1,0
BRDA:359,39,0,0
BRDA:359,39,1,0
BRDA:359,40,0,0
BRDA:359,40,1,0
BRDA:368,41,0,0
BRDA:368,41,1,0
BRDA:390,42,0,0
BRDA:390,42,1,0
BRDA:390,42,2,0
BRDA:393,43,0,0
BRDA:393,43,1,0
BRDA:394,44,0,0
BRDA:394,44,1,0
BRDA:408,45,0,0
BRDA:408,45,1,0
BRDA:423,46,0,0
BRDA:423,46,1,0
BRDA:434,47,0,0
BRDA:434,47,1,0
BRDA:453,48,0,0
BRDA:453,48,1,0
BRDA:469,49,0,0
BRDA:469,49,1,0
BRDA:484,50,0,0
BRDA:484,50,1,0
BRDA:510,51,0,0
BRDA:510,51,1,0
BRDA:535,52,0,0
BRDA:535,52,1,0
BRDA:543,53,0,0
BRDA:543,53,1,0
BRF:106
BRH:0
end_of_record
TN:
SF:backend/src/routes/files.js
FN:19,(anonymous_0)
FN:32,(anonymous_1)
FN:50,(anonymous_2)
FNF:3
FNH:0
FNDA:0,(anonymous_0)
FNDA:0,(anonymous_1)
FNDA:0,(anonymous_2)
DA:1,0
DA:2,0
DA:3,0
DA:4,0
DA:5,0
DA:6,0
DA:7,0
DA:10,0
DA:19,0
DA:20,0
DA:21,0
DA:31,0
DA:32,0
DA:44,0
DA:45,0
DA:50,0
DA:51,0
DA:52,0
DA:55,0
DA:63,0
DA:64,0
DA:67,0
DA:70,0
DA:71,0
DA:75,0
DA:76,0
DA:77,0
DA:80,0
DA:81,0
DA:82,0
DA:86,0
DA:87,0
DA:88,0
DA:92,0
DA:94,0
DA:95,0
DA:99,0
LF:37
LH:0
BRDA:63,0,0,0
BRDA:63,0,1,0
BRDA:70,1,0,0
BRDA:70,1,1,0
BRDA:80,2,0,0
BRDA:80,2,1,0
BRDA:86,3,0,0
BRDA:86,3,1,0
BRF:8
BRH:0
end_of_record
TN:
SF:backend/src/routes/guest.js
FN:20,(anonymous_0)
FN:36,(anonymous_1)
FN:93,(anonymous_2)
FN:213,(anonymous_3)
FN:250,(anonymous_4)
FNF:5
FNH:0
FNDA:0,(anonymous_0)
FNDA:0,(anonymous_1)
FNDA:0,(anonymous_2)
FNDA:0,(anonymous_3)
FNDA:0,(anonymous_4)
DA:1,0
DA:2,0
DA:3,0
DA:4,0
DA:5,0
DA:6,0
DA:7,0
DA:8,0
DA:11,0
DA:20,0
DA:21,0
DA:22,0
DA:23,0
DA:24,0
DA:26,0
DA:32,0
DA:36,0
DA:37,0
DA:38,0
DA:39,0
DA:40,0
DA:43,0
DA:49,0
DA:51,0
DA:54,0
DA:60,0
DA:75,0
DA:87,0
DA:88,0
DA:93,0
DA:94,0
DA:95,0
DA:98,0
DA:99,0
DA:103,0
DA:104,0
DA:108,0
DA:109,0
DA:114,0
DA:115,0
DA:116,0
DA:117,0
DA:119,0
DA:120,0
DA:126,0
DA:127,0
DA:128,0
DA:132,0
DA:137,0
DA:138,0
DA:141,0
DA:144,0
DA:147,0
DA:149,0
DA:151,0
DA:158,0
DA:162,0
DA:168,0
DA:174,0
DA:179,0
DA:182,0
DA:188,0
DA:202,0
DA:203,0
DA:207,0
DA:208,0
DA:213,0
DA:214,0
DA:215,0
DA:216,0
DA:220,0
DA:226,0
DA:227,0
DA:230,0
DA:232,0
DA:244,0
DA:245,0
DA:250,0
DA:251,0
DA:252,0
DA:253,0
DA:256,0
DA:258,0
DA:267,0
DA:273,0
DA:274,0
DA:277,0
DA:279,0
DA:291,0
DA:292,0
DA:296,0
LF:91
LH:0
BRDA:21,0,0,0
BRDA:21,0,1,0
BRDA:22,1,0,0
BRDA:22,1,1,0
BRDA:23,2,0,0
BRDA:23,2,1,0
BRDA:24,3,0,0
BRDA:24,3,1,0
BRDA:24,3,2,0
BRDA:40,4,0,0
BRDA:40,4,1,0
BRDA:49,5,0,0
BRDA:49,5,1,0
BRDA:98,6,0,0
BRDA:98,6,1,0
BRDA:103,7,0,0
BRDA:103,7,1,0
BRDA:103,8,0,0
BRDA:103,8,1,0
BRDA:108,9,0,0
BRDA:108,9,1,0
BRDA:119,10,0,0
BRDA:119,10,1,0
BRDA:119,11,0,0
BRDA:119,11,1,0
BRDA:119,11,2,0
BRDA:119,11,3,0
BRDA:127,12,0,0
BRDA:127,12,1,0
BRDA:137,13,0,0
BRDA:137,13,1,0
BRDA:155,14,0,0
BRDA:155,14,1,0
BRDA:215,15,0,0
BRDA:215,15,1,0
BRDA:226,16,0,0
BRDA:226,16,1,0
BRDA:252,17,0,0
BRDA:252,17,1,0
BRDA:269,18,0,0
BRDA:269,18,1,0
BRDA:273,19,0,0
BRDA:273,19,1,0
BRF:43
BRH:0
end_of_record
TN:
SF:backend/src/routes/migrate.js
FN:6,(anonymous_0)
FNF:1
FNH:0
FNDA:0,(anonymous_0)
DA:1,0
DA:2,0
DA:3,0
DA:6,0
DA:7,0
DA:8,0
DA:10,0
DA:114,0
DA:116,0
DA:122,0
DA:123,0
DA:131,0
LF:12
LH:0
BRF:0
BRH:0
end_of_record
TN:
SF:backend/src/routes/notifications.js
FN:64,(anonymous_0)
FN:213,(anonymous_1)
FN:283,(anonymous_2)
FN:353,(anonymous_3)
FN:372,(anonymous_4)
FN:401,(anonymous_5)
FN:418,(anonymous_6)
FN:443,(anonymous_7)
FN:485,createNotification
FN:512,createBulkNotifications
FNF:10
FNH:0
FNDA:0,(anonymous_0)
FNDA:0,(anonymous_1)
FNDA:0,(anonymous_2)
FNDA:0,(anonymous_3)
FNDA:0,(anonymous_4)
FNDA:0,(anonymous_5)
FNDA:0,(anonymous_6)
FNDA:0,(anonymous_7)
FNDA:0,createNotification
FNDA:0,createBulkNotifications
DA:6,0
DA:7,0
DA:8,0
DA:9,0
DA:10,0
DA:11,0
DA:12,0
DA:15,0
DA:24,0
DA:43,0
DA:48,0
DA:64,0
DA:65,0
DA:74,0
DA:76,0
DA:78,0
DA:100,0
DA:101,0
DA:104,0
DA:105,0
DA:106,0
DA:107,0
DA:110,0
DA:111,0
DA:112,0
DA:113,0
DA:116,0
DA:117,0
DA:118,0
DA:119,0
DA:122,0
DA:123,0
DA:124,0
DA:125,0
DA:128,0
DA:129,0
DA:130,0
DA:131,0
DA:135,0
DA:136,0
DA:139,0
DA:140,0
DA:142,0
DA:145,0
DA:150,0
DA:151,0
DA:154,0
DA:155,0
DA:156,0
DA:157,0
DA:160,0
DA:161,0
DA:162,0
DA:163,0
DA:166,0
DA:167,0
DA:168,0
DA:169,0
DA:172,0
DA:173,0
DA:174,0
DA:175,0
DA:178,0
DA:179,0
DA:180,0
DA:181,0
DA:184,0
DA:185,0
DA:188,0
DA:189,0
DA:192,0
DA:199,0
DA:213,0
DA:214,0
DA:215,0
DA:216,0
DA:231,0
DA:233,0
DA:236,0
DA:241,0
DA:242,0
DA:249,0
DA:257,0
DA:260,0
DA:276,0
DA:283,0
DA:284,0
DA:285,0
DA:286,0
DA:293,0
DA:294,0
DA:295,0
DA:298,0
DA:303,0
DA:304,0
DA:311,0
DA:312,0
DA:313,0
DA:315,0
DA:316,0
DA:317,0
DA:318,0
DA:321,0
DA:322,0
DA:323,0
DA:324,0
DA:327,0
DA:328,0
DA:334,0
DA:335,0
DA:337,0
DA:344,0
DA:346,0
DA:353,0
DA:354,0
DA:356,0
DA:364,0
DA:372,0
DA:373,0
DA:374,0
DA:377,0
DA:382,0
DA:383,0
DA:389,0
DA:394,0
DA:401,0
DA:402,0
DA:404,0
DA:409,0
DA:411,0
DA:418,0
DA:419,0
DA:420,0
DA:421,0
DA:428,0
DA:430,0
DA:435,0
DA:443,0
DA:444,0
DA:446,0
DA:459,0
DA:469,0
DA:486,0
DA:491,0
DA:493,0
DA:501,0
DA:503,0
DA:504,0
DA:513,0
DA:514,0
DA:516,0
DA:517,0
DA:518,0
DA:520,0
DA:530,0
DA:532,0
DA:536,0
DA:547,0
DA:550,0
DA:557,0
DA:558,0
DA:560,0
DA:561,0
DA:565,0
LF:164
LH:0
BRDA:67,0,0,0
BRDA:68,1,0,0
BRDA:104,2,0,0
BRDA:104,2,1,0
BRDA:110,3,0,0
BRDA:110,3,1,0
BRDA:116,4,0,0
BRDA:116,4,1,0
BRDA:122,5,0,0
BRDA:122,5,1,0
BRDA:128,6,0,0
BRDA:128,6,1,0
BRDA:135,7,0,0
BRDA:135,7,1,0
BRDA:154,8,0,0
BRDA:154,8,1,0
[...]
FN:424,(anonymous_27)
FN:429,(anonymous_28)
FN:431,(anonymous_29)
FN:434,(anonymous_30)
FN:436,(anonymous_31)
FN:439,(anonymous_32)
FN:441,(anonymous_33)
FN:444,(anonymous_34)
FN:455,(anonymous_35)
FN:456,(anonymous_36)
FN:470,(anonymous_37)
FN:498,(anonymous_38)
FN:500,(anonymous_39)
FN:501,(anonymous_40)
FN:503,(anonymous_41)
FN:511,(anonymous_42)
FN:516,(anonymous_43)
FN:518,(anonymous_44)
FN:523,(anonymous_45)
FN:529,(anonymous_46)
FN:531,(anonymous_47)
FN:532,(anonymous_48)
FN:539,(anonymous_49)
FN:544,(anonymous_50)
FN:546,(anonymous_51)
FN:547,(anonymous_52)
FN:558,(anonymous_53)
FN:560,(anonymous_54)
FN:564,(anonymous_55)
FN:570,(anonymous_56)
FN:574,(anonymous_57)
FN:575,(anonymous_58)
FN:586,(anonymous_59)
FN:636,(anonymous_60)
FN:666,(anonymous_61)
FN:677,(anonymous_62)
FN:680,(anonymous_63)
FN:703,(anonymous_64)
FN:714,(anonymous_65)
FN:718,(anonymous_66)
FN:722,(anonymous_67)
FN:725,(anonymous_68)
FNF:69
FNH:0
FNDA:0,(anonymous_0)
FNDA:0,(anonymous_1)
FNDA:0,(anonymous_2)
FNDA:0,(anonymous_3)
FNDA:0,(anonymous_4)
FNDA:0,(anonymous_5)
FNDA:0,(anonymous_6)
FNDA:0,(anonymous_7)
FNDA:0,(anonymous_8)
FNDA:0,(anonymous_9)
FNDA:0,(anonymous_10)
FNDA:0,(anonymous_11)
FNDA:0,(anonymous_12)
FNDA:0,(anonymous_13)
FNDA:0,(anonymous_14)
FNDA:0,(anonymous_15)
FNDA:0,(anonymous_16)
FNDA:0,(anonymous_17)
FNDA:0,(anonymous_18)
FNDA:0,(anonymous_19)
FNDA:0,(anonymous_20)
FNDA:0,(anonymous_21)
FNDA:0,(anonymous_22)
FNDA:0,(anonymous_23)
FNDA:0,(anonymous_24)
FNDA:0,(anonymous_25)
FNDA:0,(anonymous_26)
FNDA:0,(anonymous_27)
FNDA:0,(anonymous_28)
FNDA:0,(anonymous_29)
FNDA:0,(anonymous_30)
FNDA:0,(anonymous_31)
FNDA:0,(anonymous_32)
FNDA:0,(anonymous_33)
FNDA:0,(anonymous_34)
FNDA:0,(anonymous_35)
FNDA:0,(anonymous_36)
FNDA:0,(anonymous_37)
FNDA:0,(anonymous_38)
FNDA:0,(anonymous_39)
FNDA:0,(anonymous_40)
FNDA:0,(anonymous_41)
FNDA:0,(anonymous_42)
FNDA:0,(anonymous_43)
FNDA:0,(anonymous_44)
FNDA:0,(anonymous_45)
FNDA:0,(anonymous_46)
FNDA:0,(anonymous_47)
FNDA:0,(anonymous_48)
FNDA:0,(anonymous_49)
FNDA:0,(anonymous_50)
FNDA:0,(anonymous_51)
FNDA:0,(anonymous_52)
FNDA:0,(anonymous_53)
FNDA:0,(anonymous_54)
FNDA:0,(anonymous_55)
FNDA:0,(anonymous_56)
FNDA:0,(anonymous_57)
FNDA:0,(anonymous_58)
FNDA:0,(anonymous_59)
FNDA:0,(anonymous_60)
FNDA:0,(anonymous_61)
FNDA:0,(anonymous_62)
FNDA:0,(anonymous_63)
FNDA:0,(anonymous_64)
FNDA:0,(anonymous_65)
FNDA:0,(anonymous_66)
FNDA:0,(anonymous_67)
FNDA:0,(anonymous_68)
DA:15,0
DA:16,0
DA:17,0
DA:21,0
DA:31,0
DA:40,0
DA:41,0
DA:46,0
DA:47,0
DA:48,0
DA:49,0
DA:51,0
DA:54,0
DA:57,0
DA:60,0
DA:63,0
DA:66,0
DA:69,0
DA:71,0
DA:76,0
DA:78,0
DA:80,0
DA:81,0
DA:84,0
DA:85,0
DA:86,0
DA:88,0
DA:91,0
DA:94,0
DA:95,0
DA:104,0
DA:105,0
DA:106,0
DA:108,0
DA:109,0
DA:111,0
DA:119,0
DA:120,0
DA:121,0
DA:122,0
DA:124,0
DA:128,0
DA:131,0
DA:132,0
DA:138,0
DA:141,0
DA:142,0
DA:152,0
DA:154,0
DA:156,0
DA:158,0
DA:160,0
DA:167,0
DA:169,0
DA:170,0
DA:176,0
DA:182,0
DA:183,0
DA:185,0
DA:190,0
DA:192,0
DA:195,0
DA:196,0
DA:199,0
DA:200,0
DA:201,0
DA:203,0
DA:208,0
DA:209,0
DA:212,0
DA:214,0
DA:215,0
DA:216,0
DA:219,0
DA:227,0
DA:228,0
DA:230,0
DA:231,0
DA:239,0
DA:241,0
DA:250,0
DA:254,0
DA:258,0
DA:259,0
DA:264,0
DA:266,0
DA:269,0
DA:271,0
DA:272,0
DA:275,0
DA:276,0
DA:278,0
DA:279,0
DA:282,0
DA:287,0
DA:289,0
DA:290,0
DA:291,0
DA:292,0
DA:297,0
DA:305,0
DA:307,0
DA:309,0
DA:317,0
DA:328,0
DA:330,0
DA:333,0
DA:334,0
DA:337,0
DA:338,0
DA:339,0
DA:341,0
DA:346,0
DA:348,0
DA:350,0
DA:358,0
DA:360,0
DA:362,0
DA:371,0
DA:383,0
DA:386,0
DA:388,0
DA:390,0
DA:397,0
DA:399,0
DA:401,0
DA:408,0
DA:411,0
DA:412,0
DA:422,0
DA:423,0
DA:424,0
DA:426,0
DA:431,0
DA:436,0
DA:441,0
DA:446,0
DA:456,0
DA:457,0
DA:458,0
DA:467,0
DA:471,0
DA:473,0
DA:475,0
DA:490,0
DA:491,0
DA:492,0
DA:494,0
DA:495,0
DA:499,0
DA:500,0
DA:501,0
DA:503,0
DA:505,0
DA:511,0
DA:517,0
DA:518,0
DA:520,0
DA:523,0
DA:530,0
DA:531,0
DA:532,0
DA:534,0
DA:539,0
DA:545,0
DA:546,0
DA:547,0
DA:549,0
DA:559,0
DA:560,0
DA:562,0
DA:564,0
DA:571,0
DA:572,0
DA:574,0
DA:575,0
DA:576,0
DA:578,0
DA:587,0
DA:590,0
DA:591,0
DA:592,0
DA:601,0
DA:602,0
DA:603,0
DA:612,0
DA:613,0
DA:614,0
DA:623,0
DA:624,0
DA:625,0
DA:633,0
DA:637,0
DA:638,0
DA:640,0
DA:641,0
DA:642,0
DA:643,0
DA:645,0
DA:646,0
DA:647,0
DA:648,0
DA:650,0
DA:651,0
DA:652,0
DA:653,0
DA:655,0
DA:656,0
DA:657,0
DA:658,0
DA:660,0
DA:661,0
DA:662,0
DA:664,0
DA:665,0
DA:666,0
DA:667,0
DA:670,0
DA:673,0
DA:678,0
DA:680,0
DA:681,0
DA:682,0
DA:686,0
DA:691,0
DA:692,0
DA:700,0
DA:703,0
DA:704,0
DA:705,0
DA:706,0
DA:710,0
DA:713,0
DA:715,0
DA:716,0
DA:719,0
DA:720,0
DA:723,0
DA:724,0
DA:725,0
DA:729,0
LF:241
LH:0
BRDA:20,0,0,0
BRDA:22,1,0,0
BRDA:22,1,1,0
BRDA:23,2,0,0
BRDA:23,2,1,0
BRDA:24,3,0,0
BRDA:24,3,1,0
BRDA:25,4,0,0
BRDA:25,4,1,0
BRDA:26,5,0,0
BRDA:26,5,1,0
BRDA:27,6,0,0
BRDA:27,6,1,0
BRDA:216,7,0,0
BRDA:216,7,1,0
BRDA:450,8,0,0
BRDA:450,8,1,0
BRDA:512,9,0,0
BRDA:512,9,1,0
BRDA:512,10,0,0
BRDA:512,10,1,0
BRDA:525,11,0,0
BRDA:525,11,1,0
BRDA:525,12,0,0
BRDA:525,12,1,0
BRDA:540,13,0,0
BRDA:540,13,1,0
BRDA:540,14,0,0
BRDA:540,14,1,0
BRDA:554,15,0,0
BRDA:554,15,1,0
BRDA:554,16,0,0
BRDA:554,16,1,0
BRDA:566,17,0,0
BRDA:566,17,1,0
BRDA:572,18,0,0
BRDA:572,18,1,0
BRDA:582,19,0,0
BRDA:582,19,1,0
BRDA:591,20,0,0
BRDA:591,20,1,0
BRDA:602,21,0,0
BRDA:602,21,1,0
BRDA:613,22,0,0
BRDA:613,22,1,0
BRDA:624,23,0,0
BRDA:624,23,1,0
BRDA:664,24,0,0
BRDA:664,24,1,0
BRDA:681,25,0,0
BRDA:681,25,1,0
BRDA:691,26,0,0
BRDA:691,26,1,0
BRDA:693,27,0,0
BRDA:693,27,1,0
BRDA:694,28,0,0
BRDA:694,28,1,0
BRDA:695,29,0,0
BRDA:695,29,1,0
BRDA:696,30,0,0
BRDA:696,30,1,0
BRDA:697,31,0,0
BRDA:697,31,1,0
BRF:63
BRH:0
end_of_record
TN:
SF:testing/run-parallel-tests.js
FN:16,(anonymous_0)
FN:34,(anonymous_1)
FN:77,(anonymous_2)
FN:84,(anonymous_3)
FN:87,(anonymous_4)
FN:117,(anonymous_5)
FN:120,(anonymous_6)
FN:139,(anonymous_7)
FN:145,(anonymous_8)
FN:152,(anonymous_9)
FN:158,(anonymous_10)
FN:175,(anonymous_11)
FN:182,(anonymous_12)
FN:185,(anonymous_13)
FN:202,(anonymous_14)
FN:208,(anonymous_15)
FN:215,(anonymous_16)
FN:221,(anonymous_17)
FN:238,(anonymous_18)
FN:245,(anonymous_19)
FN:267,(anonymous_20)
FN:270,(anonymous_21)
FN:285,(anonymous_22)
FN:288,(anonymous_23)
FN:303,(anonymous_24)
FN:352,(anonymous_25)
FN:375,(anonymous_26)
FN:388,(anonymous_27)
FN:423,(anonymous_28)
FN:469,(anonymous_29)
FN:488,(anonymous_30)
FN:494,(anonymous_31)
FN:505,(anonymous_32)
FN:532,(anonymous_33)
FN:538,(anonymous_34)
FN:546,(anonymous_35)
FN:550,(anonymous_36)
FN:552,(anonymous_37)
FNF:38
FNH:0
FNDA:0,(anonymous_0)
FNDA:0,(anonymous_1)
FNDA:0,(anonymous_2)
FNDA:0,(anonymous_3)
FNDA:0,(anonymous_4)
FNDA:0,(anonymous_5)
FNDA:0,(anonymous_6)
FNDA:0,(anonymous_7)
FNDA:0,(anonymous_8)
FNDA:0,(anonymous_9)
FNDA:0,(anonymous_10)
FNDA:0,(anonymous_11)
FNDA:0,(anonymous_12)
FNDA:0,(anonymous_13)
FNDA:0,(anonymous_14)
FNDA:0,(anonymous_15)
FNDA:0,(anonymous_16)
FNDA:0,(anonymous_17)
FNDA:0,(anonymous_18)
FNDA:0,(anonymous_19)
FNDA:0,(anonymous_20)
FNDA:0,(anonymous_21)
FNDA:0,(anonymous_22)
FNDA:0,(anonymous_23)
FNDA:0,(anonymous_24)
FNDA:0,(anonymous_25)
FNDA:0,(anonymous_26)
FNDA:0,(anonymous_27)
FNDA:0,(anonymous_28)
FNDA:0,(anonymous_29)
FNDA:0,(anonymous_30)
FNDA:0,(anonymous_31)
FNDA:0,(anonymous_32)
FNDA:0,(anonymous_33)
FNDA:0,(anonymous_34)
FNDA:0,(anonymous_35)
FNDA:0,(anonymous_36)
FNDA:0,(anonymous_37)
DA:11,0
DA:12,0
DA:13,0
DA:17,0
DA:28,0
DA:29,0
DA:30,0
DA:35,0
DA:36,0
DA:37,0
DA:38,0
DA:39,0
DA:40,0
DA:43,0
DA:46,0
DA:48,0
DA:50,0
DA:56,0
DA:59,0
DA:62,0
DA:65,0
DA:67,0
DA:68,0
DA:71,0
DA:72,0
DA:73,0
DA:78,0
DA:79,0
DA:80,0
DA:85,0
DA:87,0
DA:88,0
DA:89,0
DA:91,0
DA:106,0
DA:107,0
DA:114,0
DA:118,0
DA:120,0
DA:121,0
DA:134,0
DA:136,0
DA:137,0
DA:139,0
DA:140,0
DA:141,0
DA:144,0
DA:145,0
DA:146,0
DA:147,0
DA:152,0
DA:153,0
DA:154,0
DA:155,0
DA:158,0
DA:159,0
DA:166,0
DA:167,0
DA:168,0
DA:170,0
DA:171,0
DA:175,0
DA:176,0
DA:177,0
DA:183,0
DA:185,0
DA:186,0
DA:197,0
DA:199,0
DA:200,0
DA:202,0
DA:203,0
DA:204,0
DA:207,0
DA:208,0
DA:209,0
DA:210,0
DA:215,0
DA:216,0
DA:217,0
DA:218,0
DA:221,0
DA:222,0
DA:229,0
DA:230,0
DA:231,0
DA:233,0
DA:234,0
DA:238,0
DA:239,0
DA:240,0
DA:246,0
DA:248,0
DA:251,0
DA:252,0
DA:253,0
DA:255,0
DA:259,0
DA:260,0
DA:261,0
DA:263,0
DA:268,0
DA:270,0
DA:271,0
DA:272,0
DA:273,0
DA:276,0
DA:278,0
DA:281,0
DA:286,0
DA:288,0
DA:289,0
DA:290,0
DA:291,0
DA:294,0
DA:296,0
DA:299,0
DA:304,0
DA:306,0
DA:320,0
DA:321,0
DA:322,0
DA:323,0
DA:329,0
DA:330,0
DA:331,0
DA:337,0
DA:341,0
DA:342,0
DA:344,0
DA:347,0
DA:349,0
DA:353,0
DA:355,0
DA:356,0
DA:364,0
DA:376,0
DA:377,0
DA:379,0
DA:380,0
DA:381,0
DA:382,0
DA:384,0
DA:389,0
DA:390,0
DA:391,0
DA:393,0
DA:394,0
DA:402,0
DA:403,0
DA:411,0
DA:412,0
DA:420,0
DA:424,0
DA:426,0
DA:432,0
DA:433,0
DA:438,0
DA:443,0
DA:449,0
DA:454,0
DA:459,0
DA:466,0
DA:470,0
DA:471,0
DA:473,0
DA:474,0
DA:476,0
DA:477,0
DA:478,0
DA:479,0
DA:481,0
DA:482,0
DA:483,0
DA:484,0
DA:486,0
DA:487,0
DA:488,0
DA:489,0
DA:493,0
DA:494,0
DA:495,0
DA:498,0
DA:501,0
DA:506,0
DA:508,0
DA:509,0
DA:510,0
DA:511,0
DA:518,0
DA:519,0
DA:529,0
DA:532,0
DA:533,0
DA:534,0
DA:535,0
DA:538,0
DA:539,0
DA:540,0
DA:541,0
DA:545,0
DA:547,0
DA:548,0
DA:551,0
DA:552,0
DA:556,0
LF:206
LH:0
BRDA:16,0,0,0
BRDA:18,1,0,0
BRDA:18,1,1,0
BRDA:19,2,0,0
BRDA:19,2,1,0
BRDA:20,3,0,0
BRDA:20,3,1,0
BRDA:21,4,0,0
BRDA:21,4,1,0
BRDA:22,5,0,0
BRDA:22,5,1,0
BRDA:23,6,0,0
BRDA:23,6,1,0
BRDA:24,7,0,0
BRDA:24,7,1,0
BRDA:78,8,0,0
BRDA:78,8,1,0
BRDA:106,9,0,0
BRDA:106,9,1,0
BRDA:146,10,0,0
BRDA:146,10,1,0
BRDA:166,11,0,0
BRDA:166,11,1,0
BRDA:209,12,0,0
BRDA:209,12,1,0
BRDA:229,13,0,0
BRDA:229,13,1,0
BRDA:251,14,0,0
BRDA:251,14,1,0
BRDA:259,15,0,0
BRDA:259,15,1,0
BRDA:271,16,0,0
BRDA:271,16,1,0
BRDA:289,17,0,0
BRDA:289,17,1,0
BRDA:322,18,0,0
BRDA:322,18,1,0
BRDA:330,19,0,0
BRDA:330,19,1,0
BRDA:355,20,0,0
BRDA:355,20,1,0
BRDA:365,21,0,0
BRDA:365,21,1,0
BRDA:371,22,0,0
BRDA:371,22,1,0
BRDA:379,23,0,0
BRDA:379,23,1,0
BRDA:379,24,0,0
BRDA:379,24,1,0
BRDA:381,25,0,0
BRDA:381,25,1,0
BRDA:381,26,0,0
BRDA:381,26,1,0
BRDA:393,27,0,0
BRDA:393,27,1,0
BRDA:402,28,0,0
BRDA:402,28,1,0
BRDA:411,29,0,0
BRDA:411,29,1,0
BRDA:411,30,0,0
BRDA:411,30,1,0
BRDA:432,31,0,0
BRDA:432,31,1,0
BRDA:486,32,0,0
BRDA:486,32,1,0
BRDA:498,33,0,0
BRDA:498,33,1,0
BRDA:499,34,0,0
BRDA:499,34,1,0
BRDA:509,35,0,0
BRDA:509,35,1,0
BRDA:509,36,0,0
BRDA:509,36,1,0
BRDA:518,37,0,0
BRDA:518,37,1,0
BRDA:520,38,0,0
BRDA:520,38,1,0
BRDA:521,39,0,0
BRDA:521,39,1,0
BRDA:522,40,0,0
BRDA:522,40,1,0
BRDA:523,41,0,0
BRDA:523,41,1,0
BRDA:524,42,0,0
BRDA:524,42,1,0
BRDA:525,43,0,0
BRDA:525,43,1,0
BRDA:526,44,0,0
BRDA:526,44,1,0
BRF:89
BRH:0
end_of_record
TN:
SF:testing/security-validation-suite.js
FN:21,(anonymous_0)
FN:43,(anonymous_1)
FN:76,(anonymous_2)
FN:112,(anonymous_3)
FN:129,(anonymous_4)
FN:180,(anonymous_5)
FN:187,(anonymous_6)
FN:196,(anonymous_7)
FN:240,(anonymous_8)
FN:247,(anonymous_9)
FN:253,(anonymous_10)
FN:256,(anonymous_11)
FN:266,(anonymous_12)
FN:294,(anonymous_13)
FN:310,(anonymous_14)
FN:345,(anonymous_15)
FN:364,(anonymous_16)
FN:370,(anonymous_17)
FN:380,(anonymous_18)
FN:429,(anonymous_19)
FN:461,(anonymous_20)
FN:493,(anonymous_21)
FN:503,(anonymous_22)
FN:521,(anonymous_23)
FN:555,(anonymous_24)
FN:590,(anonymous_25)
FN:614,(anonymous_26)
FN:636,(anonymous_27)
FN:660,(anonymous_28)
FN:677,(anonymous_29)
FN:701,(anonymous_30)
FN:742,(anonymous_31)
FN:760,(anonymous_32)
FN:783,(anonymous_33)
FN:805,(anonymous_34)
FN:827,(anonymous_35)
FN:849,(anonymous_36)
FN:875,(anonymous_37)
FN:903,(anonymous_38)
FN:924,(anonymous_39)
FN:951,(anonymous_40)
FN:988,(anonymous_41)
FN:990,(anonymous_42)
FN:991,(anonymous_43)
FN:998,(anonymous_44)
FN:1003,(anonymous_45)
FN:1005,(anonymous_46)
FN:1016,(anonymous_47)
FN:1018,(anonymous_48)
FN:1019,(anonymous_49)
FN:1020,(anonymous_50)
FN:1030,(anonymous_51)
FN:1032,(anonymous_52)
FN:1033,(anonymous_53)
FN:1034,(anonymous_54)
FN:1035,(anonymous_55)
FN:1039,(anonymous_56)
FN:1040,(anonymous_57)
FN:1041,(anonymous_58)
FN:1042,(anonymous_59)
FN:1046,(anonymous_60)
FN:1048,(anonymous_61)
FN:1049,(anonymous_62)
FN:1059,(anonymous_63)
FN:1061,(anonymous_64)
FN:1071,(anonymous_65)
FN:1081,(anonymous_66)
FN:1084,(anonymous_67)
FN:1117,(anonymous_68)
FN:1150,(anonymous_69)
FN:1177,(anonymous_70)
FN:1186,(anonymous_71)
FN:1210,(anonymous_72)
FN:1214,(anonymous_73)
FNF:74
FNH:0
FNDA:0,(anonymous_0)
FNDA:0,(anonymous_1)
FNDA:0,(anonymous_2)
FNDA:0,(anonymous_3)
FNDA:0,(anonymous_4)
FNDA:0,(anonymous_5)
FNDA:0,(anonymous_6)
FNDA:0,(anonymous_7)
FNDA:0,(anonymous_8)
FNDA:0,(anonymous_9)
FNDA:0,(anonymous_10)
FNDA:0,(anonymous_11)
FNDA:0,(anonymous_12)
FNDA:0,(anonymous_13)
FNDA:0,(anonymous_14)
FNDA:0,(anonymous_15)
FNDA:0,(anonymous_16)
FNDA:0,(anonymous_17)
FNDA:0,(anonymous_18)
FNDA:0,(anonymous_19)
FNDA:0,(anonymous_20)
FNDA:0,(anonymous_21)
FNDA:0,(anonymous_22)
FNDA:0,(anonymous_23)
FNDA:0,(anonymous_24)
FNDA:0,(anonymous_25)
FNDA:0,(anonymous_26)
FNDA:0,(anonymous_27)
FNDA:0,(anonymous_28)
FNDA:0,(anonymous_29)
FNDA:0,(anonymous_30)
FNDA:0,(anonymous_31)
FNDA:0,(anonymous_32)
FNDA:0,(anonymous_33)
FNDA:0,(anonymous_34)
FNDA:0,(anonymous_35)
FNDA:0,(anonymous_36)
FNDA:0,(anonymous_37)
FNDA:0,(anonymous_38)
FNDA:0,(anonymous_39)
FNDA:0,(anonymous_40)
FNDA:0,(anonymous_41)
FNDA:0,(anonymous_42)
FNDA:0,(anonymous_43)
FNDA:0,(anonymous_44)
FNDA:0,(anonymous_45)
FNDA:0,(anonymous_46)
FNDA:0,(anonymous_47)
FNDA:0,(anonymous_48)
FNDA:0,(anonymous_49)
FNDA:0,(anonymous_50)
FNDA:0,(anonymous_51)
FNDA:0,(anonymous_52)
FNDA:0,(anonymous_53)
FNDA:0,(anonymous_54)
FNDA:0,(anonymous_55)
FNDA:0,(anonymous_56)
FNDA:0,(anonymous_57)
FNDA:0,(anonymous_58)
FNDA:0,(anonymous_59)
FNDA:0,(anonymous_60)
FNDA:0,(anonymous_61)
FNDA:0,(anonymous_62)
FNDA:0,(anonymous_63)
FNDA:0,(anonymous_64)
FNDA:0,(anonymous_65)
FNDA:0,(anonymous_66)
FNDA:0,(anonymous_67)
FNDA:0,(anonymous_68)
FNDA:0,(anonymous_69)
FNDA:0,(anonymous_70)
FNDA:0,(anonymous_71)
FNDA:0,(anonymous_72)
FNDA:0,(anonymous_73)
DA:16,0
DA:17,0
DA:18,0
DA:22,0
DA:30,0
DA:39,0
DA:44,0
DA:45,0
DA:46,0
DA:49,0
DA:52,0
DA:55,0
DA:58,0
DA:61,0
DA:64,0
DA:67,0
DA:70,0
DA:72,0
DA:77,0
DA:79,0
DA:89,0
DA:90,0
DA:91,0
DA:105,0
DA:108,0
DA:113,0
DA:115,0
DA:117,0
DA:118,0
DA:121,0
DA:122,0
DA:123,0
DA:125,0
DA:130,0
DA:133,0
DA:141,0
DA:142,0
DA:143,0
DA:145,0
DA:158,0
DA:160,0
DA:161,0
DA:162,0
DA:166,0
DA:177,0
DA:181,0
DA:184,0
DA:187,0
DA:189,0
DA:198,0
DA:219,0
DA:220,0
DA:221,0
DA:223,0
DA:235,0
DA:242,0
DA:245,0
DA:247,0
DA:253,0
DA:256,0
DA:258,0
DA:267,0
DA:269,0
DA:272,0
DA:280,0
DA:281,0
DA:282,0
DA:286,0
DA:287,0
DA:288,0
DA:290,0
DA:295,0
DA:296,0
DA:299,0
DA:301,0
DA:302,0
DA:303,0
DA:304,0
DA:305,0
DA:306,0
DA:307,0
DA:308,0
DA:309,0
DA:310,0
DA:313,0
DA:327,0
DA:329,0
DA:330,0
DA:331,0
DA:335,0
DA:346,0
DA:349,0
DA:350,0
DA:352,0
DA:353,0
DA:354,0
DA:355,0
DA:356,0
DA:357,0
DA:358,0
DA:359,0
DA:360,0
DA:361,0
DA:362,0
DA:363,0
DA:364,0
DA:365,0
DA:366,0
DA:370,0
DA:372,0
DA:381,0
DA:383,0
DA:386,0
DA:417,0
DA:418,0
DA:421,0
DA:422,0
DA:423,0
DA:425,0
DA:430,0
DA:431,0
DA:433,0
DA:444,0
DA:446,0
DA:447,0
DA:448,0
DA:452,0
DA:463,0
DA:464,0
DA:465,0
DA:468,0
DA:469,0
DA:470,0
DA:471,0
DA:474,0
DA:475,0
DA:476,0
DA:477,0
DA:480,0
DA:481,0
DA:482,0
DA:483,0
DA:487,0
DA:488,0
DA:489,0
DA:493,0
DA:495,0
DA:504,0
DA:506,0
DA:513,0
DA:514,0
DA:515,0
DA:517,0
DA:523,0
DA:530,0
DA:531,0
DA:532,0
DA:534,0
DA:545,0
DA:556,0
DA:557,0
DA:560,0
DA:561,0
DA:562,0
DA:563,0
DA:567,0
DA:568,0
DA:569,0
DA:573,0
DA:574,0
DA:575,0
DA:579,0
DA:580,0
DA:581,0
DA:584,0
DA:592,0
DA:599,0
DA:600,0
DA:602,0
DA:616,0
DA:617,0
DA:620,0
DA:621,0
DA:624,0
DA:625,0
DA:629,0
DA:630,0
DA:633,0
DA:638,0
DA:645,0
DA:646,0
DA:648,0
DA:662,0
DA:664,0
DA:665,0
DA:671,0
DA:679,0
DA:686,0
DA:687,0
DA:689,0
DA:702,0
DA:703,0
DA:704,0
DA:707,0
DA:708,0
DA:709,0
DA:710,0
DA:714,0
DA:715,0
DA:716,0
DA:717,0
DA:721,0
DA:722,0
DA:723,0
DA:724,0
DA:728,0
DA:729,0
DA:730,0
DA:731,0
DA:734,0
DA:743,0
DA:745,0
DA:752,0
DA:753,0
DA:754,0
DA:756,0
DA:761,0
DA:769,0
DA:770,0
DA:772,0
DA:784,0
DA:791,0
DA:792,0
DA:794,0
DA:806,0
DA:813,0
DA:814,0
DA:816,0
DA:828,0
DA:835,0
DA:836,0
DA:838,0
DA:850,0
DA:851,0
DA:854,0
DA:857,0
DA:860,0
DA:863,0
DA:864,0
DA:865,0
DA:868,0
DA:876,0
DA:879,0
DA:880,0
DA:884,0
DA:885,0
DA:889,0
DA:890,0
DA:894,0
DA:896,0
DA:904,0
DA:907,0
DA:908,0
DA:912,0
DA:913,0
DA:917,0
DA:925,0
DA:926,0
DA:929,0
DA:932,0
DA:935,0
DA:936,0
DA:939,0
DA:940,0
DA:943,0
DA:952,0
DA:954,0
DA:973,0
DA:976,0
DA:977,0
DA:980,0
DA:981,0
DA:982,0
DA:984,0
DA:985,0
DA:989,0
DA:990,0
DA:991,0
DA:993,0
DA:998,0
DA:1004,0
DA:1005,0
DA:1007,0
DA:1017,0
DA:1018,0
DA:1019,0
DA:1020,0
DA:1022,0
DA:1031,0
DA:1032,0
DA:1033,0
DA:1034,0
DA:1035,0
DA:1037,0
DA:1039,0
DA:1040,0
DA:1041,0
DA:1042,0
DA:1047,0
DA:1048,0
DA:1049,0
DA:1051,0
DA:1060,0
DA:1061,0
DA:1063,0
DA:1072,0
DA:1081,0
DA:1085,0
DA:1087,0
DA:1088,0
DA:1096,0
DA:1097,0
DA:1105,0
DA:1106,0
DA:1114,0
DA:1118,0
DA:1120,0
DA:1121,0
DA:1129,0
DA:1130,0
DA:1138,0
DA:1139,0
DA:1147,0
DA:1151,0
DA:1152,0
DA:1154,0
DA:1156,0
DA:1157,0
DA:1158,0
DA:1160,0
DA:1161,0
DA:1162,0
DA:1164,0
DA:1165,0
DA:1166,0
DA:1168,0
DA:1169,0
DA:1170,0
DA:1172,0
DA:1173,0
DA:1175,0
DA:1176,0
DA:1177,0
DA:1178,0
DA:1181,0
DA:1184,0
DA:1185,0
DA:1186,0
DA:1187,0
DA:1191,0
DA:1195,0
DA:1200,0
DA:1201,0
DA:1207,0
DA:1209,0
DA:1211,0
DA:1212,0
DA:1215,0
DA:1216,0
DA:1220,0
LF:370
LH:0
BRDA:21,0,0,0
BRDA:23,1,0,0
BRDA:23,1,1,0
BRDA:24,2,0,0
BRDA:24,2,1,0
BRDA:25,3,0,0
BRDA:25,3,1,0
BRDA:160,4,0,0
BRDA:160,4,1,0
BRDA:192,5,0,0
BRDA:192,5,1,0
BRDA:250,6,0,0
BRDA:250,6,1,0
BRDA:260,7,0,0
BRDA:260,7,1,0
BRDA:301,8,0,0
BRDA:301,8,1,0
BRDA:303,9,0,0
BRDA:303,9,1,0
BRDA:303,10,0,0
BRDA:303,10,1,0
BRDA:305,11,0,0
BRDA:305,11,1,0
BRDA:307,12,0,0
BRDA:307,12,1,0
BRDA:309,13,0,0
BRDA:309,13,1,0
BRDA:309,14,0,0
BRDA:309,14,1,0
BRDA:329,15,0,0
BRDA:329,15,1,0
BRDA:352,16,0,0
BRDA:352,16,1,0
BRDA:355,17,0,0
BRDA:355,17,1,0
BRDA:355,18,0,0
BRDA:355,18,1,0
BRDA:358,19,0,0
BRDA:358,19,1,0
BRDA:358,20,0,0
BRDA:358,20,1,0
BRDA:361,21,0,0
BRDA:361,21,1,0
BRDA:361,22,0,0
BRDA:361,22,1,0
BRDA:364,23,0,0
BRDA:364,23,1,0
BRDA:364,24,0,0
BRDA:364,24,1,0
BRDA:446,25,0,0
BRDA:446,25,1,0
BRDA:468,26,0,0
BRDA:468,26,1,0
BRDA:474,27,0,0
BRDA:474,27,1,0
BRDA:480,28,0,0
BRDA:480,28,1,0
BRDA:487,29,0,0
BRDA:487,29,1,0
BRDA:487,30,0,0
BRDA:487,30,1,0
BRDA:561,31,0,0
BRDA:561,31,1,0
BRDA:567,32,0,0
BRDA:567,32,1,0
BRDA:573,33,0,0
BRDA:573,33,1,0
BRDA:579,34,0,0
BRDA:579,34,1,0
BRDA:579,35,0,0
BRDA:579,35,1,0
BRDA:616,36,0,0
BRDA:616,36,1,0
BRDA:620,37,0,0
BRDA:620,37,1,0
BRDA:624,38,0,0
BRDA:624,38,1,0
BRDA:629,39,0,0
BRDA:629,39,1,0
BRDA:664,40,0,0
BRDA:664,40,1,0
BRDA:707,41,0,0
BRDA:707,41,1,0
BRDA:707,42,0,0
BRDA:707,42,1,0
BRDA:714,43,0,0
BRDA:714,43,1,0
BRDA:721,44,0,0
BRDA:721,44,1,0
BRDA:728,45,0,0
BRDA:728,45,1,0
BRDA:863,46,0,0
BRDA:863,46,1,0
BRDA:879,47,0,0
BRDA:879,47,1,0
BRDA:884,48,0,0
BRDA:884,48,1,0
BRDA:889,49,0,0
BRDA:889,49,1,0
BRDA:899,50,0,0
BRDA:899,50,1,0
BRDA:907,51,0,0
BRDA:907,51,1,0
BRDA:912,52,0,0
BRDA:912,52,1,0
BRDA:935,53,0,0
BRDA:935,53,1,0
BRDA:939,54,0,0
BRDA:939,54,1,0
BRDA:946,55,0,0
BRDA:946,55,1,0
BRDA:998,56,0,0
BRDA:998,56,1,0
BRDA:999,57,0,0
BRDA:999,57,1,0
BRDA:999,58,0,0
BRDA:999,58,1,0
BRDA:1019,59,0,0
BRDA:1019,59,1,0
BRDA:1026,60,0,0
BRDA:1026,60,1,0
BRDA:1048,61,0,0
BRDA:1048,61,1,0
BRDA:1049,62,0,0
BRDA:1049,62,1,0
BRDA:1067,63,0,0
BRDA:1067,63,1,0
BRDA:1073,64,0,0
BRDA:1073,64,1,0
BRDA:1074,65,0,0
BRDA:1074,65,1,0
BRDA:1075,66,0,0
BRDA:1075,66,1,0
BRDA:1076,67,0,0
BRDA:1076,67,1,0
BRDA:1077,68,0,0
BRDA:1077,68,1,0
BRDA:1078,69,0,0
BRDA:1078,69,1,0
BRDA:1087,70,0,0
BRDA:1087,70,1,0
BRDA:1096,71,0,0
BRDA:1096,71,1,0
BRDA:1105,72,0,0
BRDA:1105,72,1,0
BRDA:1120,73,0,0
BRDA:1120,73,1,0
BRDA:1129,74,0,0
BRDA:1129,74,1,0
BRDA:1138,75,0,0
BRDA:1138,75,1,0
BRDA:1175,76,0,0
BRDA:1175,76,1,0
BRDA:1184,77,0,0
BRDA:1184,77,1,0
BRDA:1191,78,0,0
BRDA:1191,78,1,0
BRDA:1192,79,0,0
BRDA:1192,79,1,0
BRDA:1200,80,0,0
BRDA:1200,80,1,0
BRDA:1202,81,0,0
BRDA:1202,81,1,0
BRDA:1203,82,0,0
BRDA:1203,82,1,0
BRDA:1204,83,0,0
BRDA:1204,83,1,0
BRF:167
BRH:0
end_of_record
